<?xml version="1.0" encoding="UTF-8"?>
<robot generator="Robot 6.1.1 (Python 3.11.7 on win32)" generated="20231208 09:45:51.597" rpa="false" schemaversion="4">
<suite id="s1" name="TestCase1" source="C:\SleekFlow\GetIphone13Report\TestCase1.robot">
<kw name="Open Browser" library="SeleniumLibrary" type="SETUP">
<arg>about:blank</arg>
<arg>${BROWSER}</arg>
<arg>C:\SleekFlow\GetIphone13Report\webdriver\chromedriver.exe</arg>
<doc>Opens a new browser instance to the optional ``url``.</doc>
<msg timestamp="20231208 09:45:51.694" level="INFO">Opening browser 'chrome' to base url 'about:blank'.</msg>
<status status="PASS" starttime="20231208 09:45:51.694" endtime="20231208 09:45:53.045"/>
</kw>
<test id="s1-t1" name="Verify Data" line="15">
<kw name="Test LAZADA">
<kw name="Open Browser" library="SeleniumLibrary">
<arg>${LZ_URL}</arg>
<arg>${BROWSER}</arg>
<doc>Opens a new browser instance to the optional ``url``.</doc>
<msg timestamp="20231208 09:45:53.045" level="INFO">Opening browser 'chrome' to base url 'https://www.lazada.com.my/tag/iphone-13/?_keyori=ss&amp;catalog_redirect_tag=true&amp;from=search_history&amp;page=1&amp;q=iphone%2013&amp;sort=priceasc&amp;spm=a2o4k.home-my.search.1.75f84065IesS6q&amp;style=list&amp;sugg=iphone%2013_0_1'.</msg>
<status status="PASS" starttime="20231208 09:45:53.045" endtime="20231208 09:46:16.142"/>
</kw>
<kw name="Set Variable" library="BuiltIn">
<var>${productdiv}</var>
<arg>//div[@data-qa-locator="product-item"]</arg>
<doc>Returns the given values which can then be assigned to a variables.</doc>
<msg timestamp="20231208 09:46:16.143" level="INFO">${productdiv} = //div[@data-qa-locator="product-item"]</msg>
<status status="PASS" starttime="20231208 09:46:16.143" endtime="20231208 09:46:16.143"/>
</kw>
<kw name="Get Element Count" library="SeleniumLibrary">
<var>${count}</var>
<arg>xpath=${productdiv}</arg>
<doc>Returns the number of elements matching ``locator``.</doc>
<msg timestamp="20231208 09:46:16.223" level="INFO">${count} = 40</msg>
<status status="PASS" starttime="20231208 09:46:16.143" endtime="20231208 09:46:16.223"/>
</kw>
<for flavor="IN RANGE">
<var>${i}</var>
<value>1</value>
<value>${count+1}</value>
<iter>
<var name="${i}">1</var>
<kw name="Get Text" library="SeleniumLibrary">
<var>${price}</var>
<arg>xpath=//div[@data-qa-locator="product-item"][${i}]//span[@class="ooOxS"]</arg>
<doc>Returns the text value of the element identified by ``locator``.</doc>
<msg timestamp="20231208 09:46:16.346" level="INFO">${price} = RM2,428.00</msg>
<status status="PASS" starttime="20231208 09:46:16.224" endtime="20231208 09:46:16.346"/>
</kw>
<kw name="Get Text" library="SeleniumLibrary">
<var>${name}</var>
<arg>xpath=//div[@data-qa-locator="product-item"][${i}]//div[@class="POgr1"]/a</arg>
<doc>Returns the text value of the element identified by ``locator``.</doc>
<msg timestamp="20231208 09:46:16.461" level="INFO">${name} = UNCLEJACKS IP 13 128GB / 256GB / 512GB Used | (CONDITION 95%) JANJI PREMIUM</msg>
<status status="PASS" starttime="20231208 09:46:16.346" endtime="20231208 09:46:16.461"/>
</kw>
<kw name="Get Element Attribute" library="SeleniumLibrary">
<var>${url}</var>
<arg>xpath=//div[@data-qa-locator="product-item"][${i}]//div[@class="POgr1"]/a</arg>
<arg>href</arg>
<doc>Returns the value of ``attribute`` from the element ``locator``.</doc>
<msg timestamp="20231208 09:46:16.479" level="INFO">${url} = https://www.lazada.com.my/products/unclejacks-ip-13-128gb-256gb-512gb-used-condition-95-janji-premium-i3873992823.html</msg>
<status status="PASS" starttime="20231208 09:46:16.461" endtime="20231208 09:46:16.479"/>
</kw>
<kw name="Log" library="BuiltIn">
<arg>LAZADA</arg>
<doc>Logs the given message with the given level.</doc>
<msg timestamp="20231208 09:46:16.479" level="INFO">LAZADA</msg>
<status status="PASS" starttime="20231208 09:46:16.479" endtime="20231208 09:46:16.479"/>
</kw>
<kw name="Log" library="BuiltIn">
<arg>${url}</arg>
<doc>Logs the given message with the given level.</doc>
<msg timestamp="20231208 09:46:16.479" level="INFO">https://www.lazada.com.my/products/unclejacks-ip-13-128gb-256gb-512gb-used-condition-95-janji-premium-i3873992823.html</msg>
<status status="PASS" starttime="20231208 09:46:16.479" endtime="20231208 09:46:16.479"/>
</kw>
<kw name="Log" library="BuiltIn">
<arg>${price}</arg>
<doc>Logs the given message with the given level.</doc>
<msg timestamp="20231208 09:46:16.479" level="INFO">RM2,428.00</msg>
<status status="PASS" starttime="20231208 09:46:16.479" endtime="20231208 09:46:16.479"/>
</kw>
<kw name="Log" library="BuiltIn">
<arg>${name}</arg>
<doc>Logs the given message with the given level.</doc>
<msg timestamp="20231208 09:46:16.479" level="INFO">UNCLEJACKS IP 13 128GB / 256GB / 512GB Used | (CONDITION 95%) JANJI PREMIUM</msg>
<status status="PASS" starttime="20231208 09:46:16.479" endtime="20231208 09:46:16.479"/>
</kw>
<kw name="Compare String Has" library="CustomLibrary1">
<var>${status}</var>
<arg>${name}</arg>
<arg>iphone13</arg>
<arg>iphone 13</arg>
<msg timestamp="20231208 09:46:16.479" level="INFO">${status} = FAIL</msg>
<status status="PASS" starttime="20231208 09:46:16.479" endtime="20231208 09:46:16.479"/>
</kw>
<kw name="Run Keyword And Ignore Error" library="BuiltIn">
<arg>Should be equal</arg>
<arg>${status}</arg>
<arg>PASS</arg>
<arg>contains string iphone13 or iphone 13</arg>
<doc>Runs the given keyword with the given arguments and ignores possible error.</doc>
<kw name="Should Be Equal" library="BuiltIn">
<arg>${status}</arg>
<arg>PASS</arg>
<arg>contains string iphone13 or iphone 13</arg>
<doc>Fails if the given objects are unequal.</doc>
<msg timestamp="20231208 09:46:16.479" level="FAIL">contains string iphone13 or iphone 13: FAIL != PASS</msg>
<status status="FAIL" starttime="20231208 09:46:16.479" endtime="20231208 09:46:16.479"/>
</kw>
<status status="PASS" starttime="20231208 09:46:16.479" endtime="20231208 09:46:16.479"/>
</kw>
<status status="PASS" starttime="20231208 09:46:16.224" endtime="20231208 09:46:16.479"/>
</iter>
<iter>
<var name="${i}">2</var>
<kw name="Get Text" library="SeleniumLibrary">
<var>${price}</var>
<arg>xpath=//div[@data-qa-locator="product-item"][${i}]//span[@class="ooOxS"]</arg>
<doc>Returns the text value of the element identified by ``locator``.</doc>
<msg timestamp="20231208 09:46:16.509" level="INFO">${price} = RM2,999.00</msg>
<status status="PASS" starttime="20231208 09:46:16.479" endtime="20231208 09:46:16.509"/>
</kw>
<kw name="Get Text" library="SeleniumLibrary">
<var>${name}</var>
<arg>xpath=//div[@data-qa-locator="product-item"][${i}]//div[@class="POgr1"]/a</arg>
<doc>Returns the text value of the element identified by ``locator``.</doc>
<msg timestamp="20231208 09:46:16.545" level="INFO">${name} = Apple iPhone 13</msg>
<status status="PASS" starttime="20231208 09:46:16.509" endtime="20231208 09:46:16.545"/>
</kw>
<kw name="Get Element Attribute" library="SeleniumLibrary">
<var>${url}</var>
<arg>xpath=//div[@data-qa-locator="product-item"][${i}]//div[@class="POgr1"]/a</arg>
<arg>href</arg>
<doc>Returns the value of ``attribute`` from the element ``locator``.</doc>
<msg timestamp="20231208 09:46:16.560" level="INFO">${url} = https://www.lazada.com.my/products/apple-iphone13-i2506559895.html</msg>
<status status="PASS" starttime="20231208 09:46:16.545" endtime="20231208 09:46:16.560"/>
</kw>
<kw name="Log" library="BuiltIn">
<arg>LAZADA</arg>
<doc>Logs the given message with the given level.</doc>
<msg timestamp="20231208 09:46:16.560" level="INFO">LAZADA</msg>
<status status="PASS" starttime="20231208 09:46:16.560" endtime="20231208 09:46:16.560"/>
</kw>
<kw name="Log" library="BuiltIn">
<arg>${url}</arg>
<doc>Logs the given message with the given level.</doc>
<msg timestamp="20231208 09:46:16.560" level="INFO">https://www.lazada.com.my/products/apple-iphone13-i2506559895.html</msg>
<status status="PASS" starttime="20231208 09:46:16.560" endtime="20231208 09:46:16.560"/>
</kw>
<kw name="Log" library="BuiltIn">
<arg>${price}</arg>
<doc>Logs the given message with the given level.</doc>
<msg timestamp="20231208 09:46:16.560" level="INFO">RM2,999.00</msg>
<status status="PASS" starttime="20231208 09:46:16.560" endtime="20231208 09:46:16.560"/>
</kw>
<kw name="Log" library="BuiltIn">
<arg>${name}</arg>
<doc>Logs the given message with the given level.</doc>
<msg timestamp="20231208 09:46:16.560" level="INFO">Apple iPhone 13</msg>
<status status="PASS" starttime="20231208 09:46:16.560" endtime="20231208 09:46:16.560"/>
</kw>
<kw name="Compare String Has" library="CustomLibrary1">
<var>${status}</var>
<arg>${name}</arg>
<arg>iphone13</arg>
<arg>iphone 13</arg>
<msg timestamp="20231208 09:46:16.560" level="INFO">${status} = PASS</msg>
<status status="PASS" starttime="20231208 09:46:16.560" endtime="20231208 09:46:16.560"/>
</kw>
<kw name="Run Keyword And Ignore Error" library="BuiltIn">
<arg>Should be equal</arg>
<arg>${status}</arg>
<arg>PASS</arg>
<arg>contains string iphone13 or iphone 13</arg>
<doc>Runs the given keyword with the given arguments and ignores possible error.</doc>
<kw name="Should Be Equal" library="BuiltIn">
<arg>${status}</arg>
<arg>PASS</arg>
<arg>contains string iphone13 or iphone 13</arg>
<doc>Fails if the given objects are unequal.</doc>
<status status="PASS" starttime="20231208 09:46:16.560" endtime="20231208 09:46:16.560"/>
</kw>
<status status="PASS" starttime="20231208 09:46:16.560" endtime="20231208 09:46:16.560"/>
</kw>
<status status="PASS" starttime="20231208 09:46:16.479" endtime="20231208 09:46:16.560"/>
</iter>
<iter>
<var name="${i}">3</var>
<kw name="Get Text" library="SeleniumLibrary">
<var>${price}</var>
<arg>xpath=//div[@data-qa-locator="product-item"][${i}]//span[@class="ooOxS"]</arg>
<doc>Returns the text value of the element identified by ``locator``.</doc>
<msg timestamp="20231208 09:46:16.577" level="INFO">${price} = RM2,999.00</msg>
<status status="PASS" starttime="20231208 09:46:16.560" endtime="20231208 09:46:16.577"/>
</kw>
<kw name="Get Text" library="SeleniumLibrary">
<var>${name}</var>
<arg>xpath=//div[@data-qa-locator="product-item"][${i}]//div[@class="POgr1"]/a</arg>
<doc>Returns the text value of the element identified by ``locator``.</doc>
<msg timestamp="20231208 09:46:16.618" level="INFO">${name} = Apple iPhone 13</msg>
<status status="PASS" starttime="20231208 09:46:16.577" endtime="20231208 09:46:16.618"/>
</kw>
<kw name="Get Element Attribute" library="SeleniumLibrary">
<var>${url}</var>
<arg>xpath=//div[@data-qa-locator="product-item"][${i}]//div[@class="POgr1"]/a</arg>
<arg>href</arg>
<doc>Returns the value of ``attribute`` from the element ``locator``.</doc>
<msg timestamp="20231208 09:46:16.631" level="INFO">${url} = https://www.lazada.com.my/products/apple-iphone-13-i2489333297.html</msg>
<status status="PASS" starttime="20231208 09:46:16.619" endtime="20231208 09:46:16.631"/>
</kw>
<kw name="Log" library="BuiltIn">
<arg>LAZADA</arg>
<doc>Logs the given message with the given level.</doc>
<msg timestamp="20231208 09:46:16.631" level="INFO">LAZADA</msg>
<status status="PASS" starttime="20231208 09:46:16.631" endtime="20231208 09:46:16.631"/>
</kw>
<kw name="Log" library="BuiltIn">
<arg>${url}</arg>
<doc>Logs the given message with the given level.</doc>
<msg timestamp="20231208 09:46:16.631" level="INFO">https://www.lazada.com.my/products/apple-iphone-13-i2489333297.html</msg>
<status status="PASS" starttime="20231208 09:46:16.631" endtime="20231208 09:46:16.631"/>
</kw>
<kw name="Log" library="BuiltIn">
<arg>${price}</arg>
<doc>Logs the given message with the given level.</doc>
<msg timestamp="20231208 09:46:16.631" level="INFO">RM2,999.00</msg>
<status status="PASS" starttime="20231208 09:46:16.631" endtime="20231208 09:46:16.631"/>
</kw>
<kw name="Log" library="BuiltIn">
<arg>${name}</arg>
<doc>Logs the given message with the given level.</doc>
<msg timestamp="20231208 09:46:16.631" level="INFO">Apple iPhone 13</msg>
<status status="PASS" starttime="20231208 09:46:16.631" endtime="20231208 09:46:16.631"/>
</kw>
<kw name="Compare String Has" library="CustomLibrary1">
<var>${status}</var>
<arg>${name}</arg>
<arg>iphone13</arg>
<arg>iphone 13</arg>
<msg timestamp="20231208 09:46:16.631" level="INFO">${status} = PASS</msg>
<status status="PASS" starttime="20231208 09:46:16.631" endtime="20231208 09:46:16.631"/>
</kw>
<kw name="Run Keyword And Ignore Error" library="BuiltIn">
<arg>Should be equal</arg>
<arg>${status}</arg>
<arg>PASS</arg>
<arg>contains string iphone13 or iphone 13</arg>
<doc>Runs the given keyword with the given arguments and ignores possible error.</doc>
<kw name="Should Be Equal" library="BuiltIn">
<arg>${status}</arg>
<arg>PASS</arg>
<arg>contains string iphone13 or iphone 13</arg>
<doc>Fails if the given objects are unequal.</doc>
<status status="PASS" starttime="20231208 09:46:16.631" endtime="20231208 09:46:16.631"/>
</kw>
<status status="PASS" starttime="20231208 09:46:16.631" endtime="20231208 09:46:16.631"/>
</kw>
<status status="PASS" starttime="20231208 09:46:16.560" endtime="20231208 09:46:16.631"/>
</iter>
<iter>
<var name="${i}">4</var>
<kw name="Get Text" library="SeleniumLibrary">
<var>${price}</var>
<arg>xpath=//div[@data-qa-locator="product-item"][${i}]//span[@class="ooOxS"]</arg>
<doc>Returns the text value of the element identified by ``locator``.</doc>
<msg timestamp="20231208 09:46:16.678" level="INFO">${price} = RM3,099.00</msg>
<status status="PASS" starttime="20231208 09:46:16.631" endtime="20231208 09:46:16.678"/>
</kw>
<kw name="Get Text" library="SeleniumLibrary">
<var>${name}</var>
<arg>xpath=//div[@data-qa-locator="product-item"][${i}]//div[@class="POgr1"]/a</arg>
<doc>Returns the text value of the element identified by ``locator``.</doc>
<msg timestamp="20231208 09:46:16.694" level="INFO">${name} = Apple iPhone 13</msg>
<status status="PASS" starttime="20231208 09:46:16.678" endtime="20231208 09:46:16.694"/>
</kw>
<kw name="Get Element Attribute" library="SeleniumLibrary">
<var>${url}</var>
<arg>xpath=//div[@data-qa-locator="product-item"][${i}]//div[@class="POgr1"]/a</arg>
<arg>href</arg>
<doc>Returns the value of ``attribute`` from the element ``locator``.</doc>
<msg timestamp="20231208 09:46:16.694" level="INFO">${url} = https://www.lazada.com.my/products/apple-iphone-13-i2485377698.html</msg>
<status status="PASS" starttime="20231208 09:46:16.694" endtime="20231208 09:46:16.694"/>
</kw>
<kw name="Log" library="BuiltIn">
<arg>LAZADA</arg>
<doc>Logs the given message with the given level.</doc>
<msg timestamp="20231208 09:46:16.694" level="INFO">LAZADA</msg>
<status status="PASS" starttime="20231208 09:46:16.694" endtime="20231208 09:46:16.694"/>
</kw>
<kw name="Log" library="BuiltIn">
<arg>${url}</arg>
<doc>Logs the given message with the given level.</doc>
<msg timestamp="20231208 09:46:16.694" level="INFO">https://www.lazada.com.my/products/apple-iphone-13-i2485377698.html</msg>
<status status="PASS" starttime="20231208 09:46:16.694" endtime="20231208 09:46:16.694"/>
</kw>
<kw name="Log" library="BuiltIn">
<arg>${price}</arg>
<doc>Logs the given message with the given level.</doc>
<msg timestamp="20231208 09:46:16.694" level="INFO">RM3,099.00</msg>
<status status="PASS" starttime="20231208 09:46:16.694" endtime="20231208 09:46:16.694"/>
</kw>
<kw name="Log" library="BuiltIn">
<arg>${name}</arg>
<doc>Logs the given message with the given level.</doc>
<msg timestamp="20231208 09:46:16.694" level="INFO">Apple iPhone 13</msg>
<status status="PASS" starttime="20231208 09:46:16.694" endtime="20231208 09:46:16.694"/>
</kw>
<kw name="Compare String Has" library="CustomLibrary1">
<var>${status}</var>
<arg>${name}</arg>
<arg>iphone13</arg>
<arg>iphone 13</arg>
<msg timestamp="20231208 09:46:16.694" level="INFO">${status} = PASS</msg>
<status status="PASS" starttime="20231208 09:46:16.694" endtime="20231208 09:46:16.694"/>
</kw>
<kw name="Run Keyword And Ignore Error" library="BuiltIn">
<arg>Should be equal</arg>
<arg>${status}</arg>
<arg>PASS</arg>
<arg>contains string iphone13 or iphone 13</arg>
<doc>Runs the given keyword with the given arguments and ignores possible error.</doc>
<kw name="Should Be Equal" library="BuiltIn">
<arg>${status}</arg>
<arg>PASS</arg>
<arg>contains string iphone13 or iphone 13</arg>
<doc>Fails if the given objects are unequal.</doc>
<status status="PASS" starttime="20231208 09:46:16.709" endtime="20231208 09:46:16.709"/>
</kw>
<status status="PASS" starttime="20231208 09:46:16.694" endtime="20231208 09:46:16.709"/>
</kw>
<status status="PASS" starttime="20231208 09:46:16.631" endtime="20231208 09:46:16.709"/>
</iter>
<iter>
<var name="${i}">5</var>
<kw name="Get Text" library="SeleniumLibrary">
<var>${price}</var>
<arg>xpath=//div[@data-qa-locator="product-item"][${i}]//span[@class="ooOxS"]</arg>
<doc>Returns the text value of the element identified by ``locator``.</doc>
<msg timestamp="20231208 09:46:16.725" level="INFO">${price} = RM5,299.00</msg>
<status status="PASS" starttime="20231208 09:46:16.709" endtime="20231208 09:46:16.725"/>
</kw>
<kw name="Get Text" library="SeleniumLibrary">
<var>${name}</var>
<arg>xpath=//div[@data-qa-locator="product-item"][${i}]//div[@class="POgr1"]/a</arg>
<doc>Returns the text value of the element identified by ``locator``.</doc>
<msg timestamp="20231208 09:46:16.741" level="INFO">${name} = Apple iPhone 13 128GB 256GB 512GB</msg>
<status status="PASS" starttime="20231208 09:46:16.725" endtime="20231208 09:46:16.741"/>
</kw>
<kw name="Get Element Attribute" library="SeleniumLibrary">
<var>${url}</var>
<arg>xpath=//div[@data-qa-locator="product-item"][${i}]//div[@class="POgr1"]/a</arg>
<arg>href</arg>
<doc>Returns the value of ``attribute`` from the element ``locator``.</doc>
<msg timestamp="20231208 09:46:16.757" level="INFO">${url} = https://www.lazada.com.my/products/apple-iphone-13-128gb-256gb-512gb-i2502549725.html</msg>
<status status="PASS" starttime="20231208 09:46:16.741" endtime="20231208 09:46:16.757"/>
</kw>
<kw name="Log" library="BuiltIn">
<arg>LAZADA</arg>
<doc>Logs the given message with the given level.</doc>
<msg timestamp="20231208 09:46:16.757" level="INFO">LAZADA</msg>
<status status="PASS" starttime="20231208 09:46:16.757" endtime="20231208 09:46:16.757"/>
</kw>
<kw name="Log" library="BuiltIn">
<arg>${url}</arg>
<doc>Logs the given message with the given level.</doc>
<msg timestamp="20231208 09:46:16.757" level="INFO">https://www.lazada.com.my/products/apple-iphone-13-128gb-256gb-512gb-i2502549725.html</msg>
<status status="PASS" starttime="20231208 09:46:16.757" endtime="20231208 09:46:16.757"/>
</kw>
<kw name="Log" library="BuiltIn">
<arg>${price}</arg>
<doc>Logs the given message with the given level.</doc>
<msg timestamp="20231208 09:46:16.757" level="INFO">RM5,299.00</msg>
<status status="PASS" starttime="20231208 09:46:16.757" endtime="20231208 09:46:16.757"/>
</kw>
<kw name="Log" library="BuiltIn">
<arg>${name}</arg>
<doc>Logs the given message with the given level.</doc>
<msg timestamp="20231208 09:46:16.757" level="INFO">Apple iPhone 13 128GB 256GB 512GB</msg>
<status status="PASS" starttime="20231208 09:46:16.757" endtime="20231208 09:46:16.757"/>
</kw>
<kw name="Compare String Has" library="CustomLibrary1">
<var>${status}</var>
<arg>${name}</arg>
<arg>iphone13</arg>
<arg>iphone 13</arg>
<msg timestamp="20231208 09:46:16.757" level="INFO">${status} = PASS</msg>
<status status="PASS" starttime="20231208 09:46:16.757" endtime="20231208 09:46:16.757"/>
</kw>
<kw name="Run Keyword And Ignore Error" library="BuiltIn">
<arg>Should be equal</arg>
<arg>${status}</arg>
<arg>PASS</arg>
<arg>contains string iphone13 or iphone 13</arg>
<doc>Runs the given keyword with the given arguments and ignores possible error.</doc>
<kw name="Should Be Equal" library="BuiltIn">
<arg>${status}</arg>
<arg>PASS</arg>
<arg>contains string iphone13 or iphone 13</arg>
<doc>Fails if the given objects are unequal.</doc>
<status status="PASS" starttime="20231208 09:46:16.757" endtime="20231208 09:46:16.757"/>
</kw>
<status status="PASS" starttime="20231208 09:46:16.757" endtime="20231208 09:46:16.757"/>
</kw>
<status status="PASS" starttime="20231208 09:46:16.709" endtime="20231208 09:46:16.757"/>
</iter>
<iter>
<var name="${i}">6</var>
<kw name="Get Text" library="SeleniumLibrary">
<var>${price}</var>
<arg>xpath=//div[@data-qa-locator="product-item"][${i}]//span[@class="ooOxS"]</arg>
<doc>Returns the text value of the element identified by ``locator``.</doc>
<msg timestamp="20231208 09:46:16.789" level="INFO">${price} = RM2.50</msg>
<status status="PASS" starttime="20231208 09:46:16.757" endtime="20231208 09:46:16.789"/>
</kw>
<kw name="Get Text" library="SeleniumLibrary">
<var>${name}</var>
<arg>xpath=//div[@data-qa-locator="product-item"][${i}]//div[@class="POgr1"]/a</arg>
<doc>Returns the text value of the element identified by ``locator``.</doc>
<msg timestamp="20231208 09:46:16.805" level="INFO">${name} = 2023 Smartphone i14 pro max 12GB RAM+512GB ROM Gaming cellphone sale Original Smartphone Original Legal Phone Big Sale original legit 7.5" OLED 120Hz DotDisplay Android Cellphone 5G Original Phone 580...</msg>
<status status="PASS" starttime="20231208 09:46:16.789" endtime="20231208 09:46:16.805"/>
</kw>
<kw name="Get Element Attribute" library="SeleniumLibrary">
<var>${url}</var>
<arg>xpath=//div[@data-qa-locator="product-item"][${i}]//div[@class="POgr1"]/a</arg>
<arg>href</arg>
<doc>Returns the value of ``attribute`` from the element ``locator``.</doc>
<msg timestamp="20231208 09:46:16.805" level="INFO">${url} = https://www.lazada.com.my/products/2023-smartphone-i14-pro-max-12gb-ram512gb-rom-gaming-cellphone-sale-original-smartphone-original-legal-phone-big-sale-original-legit-75-oled-120hz-dotdisplay-android...</msg>
<status status="PASS" starttime="20231208 09:46:16.805" endtime="20231208 09:46:16.805"/>
</kw>
<kw name="Log" library="BuiltIn">
<arg>LAZADA</arg>
<doc>Logs the given message with the given level.</doc>
<msg timestamp="20231208 09:46:16.805" level="INFO">LAZADA</msg>
<status status="PASS" starttime="20231208 09:46:16.805" endtime="20231208 09:46:16.805"/>
</kw>
<kw name="Log" library="BuiltIn">
<arg>${url}</arg>
<doc>Logs the given message with the given level.</doc>
<msg timestamp="20231208 09:46:16.805" level="INFO">https://www.lazada.com.my/products/2023-smartphone-i14-pro-max-12gb-ram512gb-rom-gaming-cellphone-sale-original-smartphone-original-legal-phone-big-sale-original-legit-75-oled-120hz-dotdisplay-android-cellphone-5g-original-phone-5800mah-wifi-bluetooth-gaming-phone-free-shipping-cod-i3860092526.html</msg>
<status status="PASS" starttime="20231208 09:46:16.805" endtime="20231208 09:46:16.805"/>
</kw>
<kw name="Log" library="BuiltIn">
<arg>${price}</arg>
<doc>Logs the given message with the given level.</doc>
<msg timestamp="20231208 09:46:16.805" level="INFO">RM2.50</msg>
<status status="PASS" starttime="20231208 09:46:16.805" endtime="20231208 09:46:16.805"/>
</kw>
<kw name="Log" library="BuiltIn">
<arg>${name}</arg>
<doc>Logs the given message with the given level.</doc>
<msg timestamp="20231208 09:46:16.805" level="INFO">2023 Smartphone i14 pro max 12GB RAM+512GB ROM Gaming cellphone sale Original Smartphone Original Legal Phone Big Sale original legit 7.5" OLED 120Hz DotDisplay Android Cellphone 5G Original Phone 5800mAh Wifi Bluetooth Gaming Phone Free Shipping COD</msg>
<status status="PASS" starttime="20231208 09:46:16.805" endtime="20231208 09:46:16.805"/>
</kw>
<kw name="Compare String Has" library="CustomLibrary1">
<var>${status}</var>
<arg>${name}</arg>
<arg>iphone13</arg>
<arg>iphone 13</arg>
<msg timestamp="20231208 09:46:16.805" level="INFO">${status} = FAIL</msg>
<status status="PASS" starttime="20231208 09:46:16.805" endtime="20231208 09:46:16.805"/>
</kw>
<kw name="Run Keyword And Ignore Error" library="BuiltIn">
<arg>Should be equal</arg>
<arg>${status}</arg>
<arg>PASS</arg>
<arg>contains string iphone13 or iphone 13</arg>
<doc>Runs the given keyword with the given arguments and ignores possible error.</doc>
<kw name="Should Be Equal" library="BuiltIn">
<arg>${status}</arg>
<arg>PASS</arg>
<arg>contains string iphone13 or iphone 13</arg>
<doc>Fails if the given objects are unequal.</doc>
<msg timestamp="20231208 09:46:16.805" level="FAIL">contains string iphone13 or iphone 13: FAIL != PASS</msg>
<status status="FAIL" starttime="20231208 09:46:16.805" endtime="20231208 09:46:16.805"/>
</kw>
<status status="PASS" starttime="20231208 09:46:16.805" endtime="20231208 09:46:16.805"/>
</kw>
<status status="PASS" starttime="20231208 09:46:16.757" endtime="20231208 09:46:16.805"/>
</iter>
<iter>
<var name="${i}">7</var>
<kw name="Get Text" library="SeleniumLibrary">
<var>${price}</var>
<arg>xpath=//div[@data-qa-locator="product-item"][${i}]//span[@class="ooOxS"]</arg>
<doc>Returns the text value of the element identified by ``locator``.</doc>
<msg timestamp="20231208 09:46:16.833" level="INFO">${price} = RM18.23</msg>
<status status="PASS" starttime="20231208 09:46:16.805" endtime="20231208 09:46:16.833"/>
</kw>
<kw name="Get Text" library="SeleniumLibrary">
<var>${name}</var>
<arg>xpath=//div[@data-qa-locator="product-item"][${i}]//div[@class="POgr1"]/a</arg>
<doc>Returns the text value of the element identified by ``locator``.</doc>
<msg timestamp="20231208 09:46:16.841" level="INFO">${name} = [Local] iPhone 5s 6s 7 8 SE 2016 2020 X Xs or Xs Max XR 11 or 11 pro or Pro Max 12 13 Tempered glass Screen protector</msg>
<status status="PASS" starttime="20231208 09:46:16.833" endtime="20231208 09:46:16.841"/>
</kw>
<kw name="Get Element Attribute" library="SeleniumLibrary">
<var>${url}</var>
<arg>xpath=//div[@data-qa-locator="product-item"][${i}]//div[@class="POgr1"]/a</arg>
<arg>href</arg>
<doc>Returns the value of ``attribute`` from the element ``locator``.</doc>
<msg timestamp="20231208 09:46:16.857" level="INFO">${url} = https://www.lazada.com.my/products/local-iphone-5s-6s-7-8-se-2016-2020-x-xs-or-xs-max-xr-11-or-11-pro-or-pro-max-12-13-tempered-glass-screen-protector-i3018151652.html</msg>
<status status="PASS" starttime="20231208 09:46:16.841" endtime="20231208 09:46:16.857"/>
</kw>
<kw name="Log" library="BuiltIn">
<arg>LAZADA</arg>
<doc>Logs the given message with the given level.</doc>
<msg timestamp="20231208 09:46:16.857" level="INFO">LAZADA</msg>
<status status="PASS" starttime="20231208 09:46:16.857" endtime="20231208 09:46:16.857"/>
</kw>
<kw name="Log" library="BuiltIn">
<arg>${url}</arg>
<doc>Logs the given message with the given level.</doc>
<msg timestamp="20231208 09:46:16.857" level="INFO">https://www.lazada.com.my/products/local-iphone-5s-6s-7-8-se-2016-2020-x-xs-or-xs-max-xr-11-or-11-pro-or-pro-max-12-13-tempered-glass-screen-protector-i3018151652.html</msg>
<status status="PASS" starttime="20231208 09:46:16.857" endtime="20231208 09:46:16.857"/>
</kw>
<kw name="Log" library="BuiltIn">
<arg>${price}</arg>
<doc>Logs the given message with the given level.</doc>
<msg timestamp="20231208 09:46:16.857" level="INFO">RM18.23</msg>
<status status="PASS" starttime="20231208 09:46:16.857" endtime="20231208 09:46:16.857"/>
</kw>
<kw name="Log" library="BuiltIn">
<arg>${name}</arg>
<doc>Logs the given message with the given level.</doc>
<msg timestamp="20231208 09:46:16.857" level="INFO">[Local] iPhone 5s 6s 7 8 SE 2016 2020 X Xs or Xs Max XR 11 or 11 pro or Pro Max 12 13 Tempered glass Screen protector</msg>
<status status="PASS" starttime="20231208 09:46:16.857" endtime="20231208 09:46:16.857"/>
</kw>
<kw name="Compare String Has" library="CustomLibrary1">
<var>${status}</var>
<arg>${name}</arg>
<arg>iphone13</arg>
<arg>iphone 13</arg>
<msg timestamp="20231208 09:46:16.857" level="INFO">${status} = FAIL</msg>
<status status="PASS" starttime="20231208 09:46:16.857" endtime="20231208 09:46:16.857"/>
</kw>
<kw name="Run Keyword And Ignore Error" library="BuiltIn">
<arg>Should be equal</arg>
<arg>${status}</arg>
<arg>PASS</arg>
<arg>contains string iphone13 or iphone 13</arg>
<doc>Runs the given keyword with the given arguments and ignores possible error.</doc>
<kw name="Should Be Equal" library="BuiltIn">
<arg>${status}</arg>
<arg>PASS</arg>
<arg>contains string iphone13 or iphone 13</arg>
<doc>Fails if the given objects are unequal.</doc>
<msg timestamp="20231208 09:46:16.857" level="FAIL">contains string iphone13 or iphone 13: FAIL != PASS</msg>
<status status="FAIL" starttime="20231208 09:46:16.857" endtime="20231208 09:46:16.857"/>
</kw>
<status status="PASS" starttime="20231208 09:46:16.857" endtime="20231208 09:46:16.857"/>
</kw>
<status status="PASS" starttime="20231208 09:46:16.805" endtime="20231208 09:46:16.857"/>
</iter>
<iter>
<var name="${i}">8</var>
<kw name="Get Text" library="SeleniumLibrary">
<var>${price}</var>
<arg>xpath=//div[@data-qa-locator="product-item"][${i}]//span[@class="ooOxS"]</arg>
<doc>Returns the text value of the element identified by ``locator``.</doc>
<msg timestamp="20231208 09:46:16.872" level="INFO">${price} = RM20.02</msg>
<status status="PASS" starttime="20231208 09:46:16.857" endtime="20231208 09:46:16.872"/>
</kw>
<kw name="Get Text" library="SeleniumLibrary">
<var>${name}</var>
<arg>xpath=//div[@data-qa-locator="product-item"][${i}]//div[@class="POgr1"]/a</arg>
<doc>Returns the text value of the element identified by ``locator``.</doc>
<msg timestamp="20231208 09:46:16.888" level="INFO">${name} = 9D Full HD Clear Camera Lens Tempered Glass Film Screen Protector For iPhone 13 / 12 Pro Max / 11 Pro Max / Mini Series</msg>
<status status="PASS" starttime="20231208 09:46:16.872" endtime="20231208 09:46:16.888"/>
</kw>
<kw name="Get Element Attribute" library="SeleniumLibrary">
<var>${url}</var>
<arg>xpath=//div[@data-qa-locator="product-item"][${i}]//div[@class="POgr1"]/a</arg>
<arg>href</arg>
<doc>Returns the value of ``attribute`` from the element ``locator``.</doc>
<msg timestamp="20231208 09:46:16.888" level="INFO">${url} = https://www.lazada.com.my/products/9d-full-hd-clear-camera-lens-tempered-glass-film-screen-protector-for-iphone-13-12-pro-max-11-pro-max-mini-series-i3018213485.html</msg>
<status status="PASS" starttime="20231208 09:46:16.888" endtime="20231208 09:46:16.888"/>
</kw>
<kw name="Log" library="BuiltIn">
<arg>LAZADA</arg>
<doc>Logs the given message with the given level.</doc>
<msg timestamp="20231208 09:46:16.888" level="INFO">LAZADA</msg>
<status status="PASS" starttime="20231208 09:46:16.888" endtime="20231208 09:46:16.888"/>
</kw>
<kw name="Log" library="BuiltIn">
<arg>${url}</arg>
<doc>Logs the given message with the given level.</doc>
<msg timestamp="20231208 09:46:16.888" level="INFO">https://www.lazada.com.my/products/9d-full-hd-clear-camera-lens-tempered-glass-film-screen-protector-for-iphone-13-12-pro-max-11-pro-max-mini-series-i3018213485.html</msg>
<status status="PASS" starttime="20231208 09:46:16.888" endtime="20231208 09:46:16.888"/>
</kw>
<kw name="Log" library="BuiltIn">
<arg>${price}</arg>
<doc>Logs the given message with the given level.</doc>
<msg timestamp="20231208 09:46:16.888" level="INFO">RM20.02</msg>
<status status="PASS" starttime="20231208 09:46:16.888" endtime="20231208 09:46:16.888"/>
</kw>
<kw name="Log" library="BuiltIn">
<arg>${name}</arg>
<doc>Logs the given message with the given level.</doc>
<msg timestamp="20231208 09:46:16.888" level="INFO">9D Full HD Clear Camera Lens Tempered Glass Film Screen Protector For iPhone 13 / 12 Pro Max / 11 Pro Max / Mini Series</msg>
<status status="PASS" starttime="20231208 09:46:16.888" endtime="20231208 09:46:16.888"/>
</kw>
<kw name="Compare String Has" library="CustomLibrary1">
<var>${status}</var>
<arg>${name}</arg>
<arg>iphone13</arg>
<arg>iphone 13</arg>
<msg timestamp="20231208 09:46:16.888" level="INFO">${status} = PASS</msg>
<status status="PASS" starttime="20231208 09:46:16.888" endtime="20231208 09:46:16.888"/>
</kw>
<kw name="Run Keyword And Ignore Error" library="BuiltIn">
<arg>Should be equal</arg>
<arg>${status}</arg>
<arg>PASS</arg>
<arg>contains string iphone13 or iphone 13</arg>
<doc>Runs the given keyword with the given arguments and ignores possible error.</doc>
<kw name="Should Be Equal" library="BuiltIn">
<arg>${status}</arg>
<arg>PASS</arg>
<arg>contains string iphone13 or iphone 13</arg>
<doc>Fails if the given objects are unequal.</doc>
<status status="PASS" starttime="20231208 09:46:16.888" endtime="20231208 09:46:16.888"/>
</kw>
<status status="PASS" starttime="20231208 09:46:16.888" endtime="20231208 09:46:16.888"/>
</kw>
<status status="PASS" starttime="20231208 09:46:16.857" endtime="20231208 09:46:16.888"/>
</iter>
<iter>
<var name="${i}">9</var>
<kw name="Get Text" library="SeleniumLibrary">
<var>${price}</var>
<arg>xpath=//div[@data-qa-locator="product-item"][${i}]//span[@class="ooOxS"]</arg>
<doc>Returns the text value of the element identified by ``locator``.</doc>
<msg timestamp="20231208 09:46:16.904" level="INFO">${price} = RM26.62</msg>
<status status="PASS" starttime="20231208 09:46:16.888" endtime="20231208 09:46:16.904"/>
</kw>
<kw name="Get Text" library="SeleniumLibrary">
<var>${name}</var>
<arg>xpath=//div[@data-qa-locator="product-item"][${i}]//div[@class="POgr1"]/a</arg>
<doc>Returns the text value of the element identified by ``locator``.</doc>
<msg timestamp="20231208 09:46:16.920" level="INFO">${name} = 2023 telefon bimbit i 12pro 8+256GB 6.3 inci telefon Murah OPPQ Rino8 pro Kamera Besar Kelajuan Segar Semula Tinggi 144Hz 5G Telefon Asal 12GB RAM+512GB ROM HD Dual SIM Dual 5Gskrin besar telefon ciri...</msg>
<status status="PASS" starttime="20231208 09:46:16.904" endtime="20231208 09:46:16.920"/>
</kw>
<kw name="Get Element Attribute" library="SeleniumLibrary">
<var>${url}</var>
<arg>xpath=//div[@data-qa-locator="product-item"][${i}]//div[@class="POgr1"]/a</arg>
<arg>href</arg>
<doc>Returns the value of ``attribute`` from the element ``locator``.</doc>
<msg timestamp="20231208 09:46:16.936" level="INFO">${url} = https://www.lazada.com.my/products/2023-telefon-bimbit-i-12pro-8256gb-63-inci-telefon-murah-oppq-rino8-pro-kamera-besar-kelajuan-segar-semula-tinggi-144hz-5g-telefon-asal-12gb-ram512gb-rom-hd-dual-sim...</msg>
<status status="PASS" starttime="20231208 09:46:16.920" endtime="20231208 09:46:16.936"/>
</kw>
<kw name="Log" library="BuiltIn">
<arg>LAZADA</arg>
<doc>Logs the given message with the given level.</doc>
<msg timestamp="20231208 09:46:16.936" level="INFO">LAZADA</msg>
<status status="PASS" starttime="20231208 09:46:16.936" endtime="20231208 09:46:16.936"/>
</kw>
<kw name="Log" library="BuiltIn">
<arg>${url}</arg>
<doc>Logs the given message with the given level.</doc>
<msg timestamp="20231208 09:46:16.936" level="INFO">https://www.lazada.com.my/products/2023-telefon-bimbit-i-12pro-8256gb-63-inci-telefon-murah-oppq-rino8-pro-kamera-besar-kelajuan-segar-semula-tinggi-144hz-5g-telefon-asal-12gb-ram512gb-rom-hd-dual-sim-dual-5gskrin-besar-telefon-ciri-telefon-bimbit-telefon-pintar-telefon-mudah-alih-murah-i3484641838.html</msg>
<status status="PASS" starttime="20231208 09:46:16.936" endtime="20231208 09:46:16.936"/>
</kw>
<kw name="Log" library="BuiltIn">
<arg>${price}</arg>
<doc>Logs the given message with the given level.</doc>
<msg timestamp="20231208 09:46:16.936" level="INFO">RM26.62</msg>
<status status="PASS" starttime="20231208 09:46:16.936" endtime="20231208 09:46:16.936"/>
</kw>
<kw name="Log" library="BuiltIn">
<arg>${name}</arg>
<doc>Logs the given message with the given level.</doc>
<msg timestamp="20231208 09:46:16.936" level="INFO">2023 telefon bimbit i 12pro 8+256GB 6.3 inci telefon Murah OPPQ Rino8 pro Kamera Besar Kelajuan Segar Semula Tinggi 144Hz 5G Telefon Asal 12GB RAM+512GB ROM HD Dual SIM Dual 5Gskrin besar telefon ciri telefon bimbit telefon pintar telefon mudah alih murah</msg>
<status status="PASS" starttime="20231208 09:46:16.936" endtime="20231208 09:46:16.936"/>
</kw>
<kw name="Compare String Has" library="CustomLibrary1">
<var>${status}</var>
<arg>${name}</arg>
<arg>iphone13</arg>
<arg>iphone 13</arg>
<msg timestamp="20231208 09:46:16.936" level="INFO">${status} = FAIL</msg>
<status status="PASS" starttime="20231208 09:46:16.936" endtime="20231208 09:46:16.936"/>
</kw>
<kw name="Run Keyword And Ignore Error" library="BuiltIn">
<arg>Should be equal</arg>
<arg>${status}</arg>
<arg>PASS</arg>
<arg>contains string iphone13 or iphone 13</arg>
<doc>Runs the given keyword with the given arguments and ignores possible error.</doc>
<kw name="Should Be Equal" library="BuiltIn">
<arg>${status}</arg>
<arg>PASS</arg>
<arg>contains string iphone13 or iphone 13</arg>
<doc>Fails if the given objects are unequal.</doc>
<msg timestamp="20231208 09:46:16.936" level="FAIL">contains string iphone13 or iphone 13: FAIL != PASS</msg>
<status status="FAIL" starttime="20231208 09:46:16.936" endtime="20231208 09:46:16.936"/>
</kw>
<status status="PASS" starttime="20231208 09:46:16.936" endtime="20231208 09:46:16.936"/>
</kw>
<status status="PASS" starttime="20231208 09:46:16.888" endtime="20231208 09:46:16.936"/>
</iter>
<iter>
<var name="${i}">10</var>
<kw name="Get Text" library="SeleniumLibrary">
<var>${price}</var>
<arg>xpath=//div[@data-qa-locator="product-item"][${i}]//span[@class="ooOxS"]</arg>
<doc>Returns the text value of the element identified by ``locator``.</doc>
<msg timestamp="20231208 09:46:16.952" level="INFO">${price} = RM28.40</msg>
<status status="PASS" starttime="20231208 09:46:16.936" endtime="20231208 09:46:16.952"/>
</kw>
<kw name="Get Text" library="SeleniumLibrary">
<var>${name}</var>
<arg>xpath=//div[@data-qa-locator="product-item"][${i}]//div[@class="POgr1"]/a</arg>
<doc>Returns the text value of the element identified by ``locator``.</doc>
<msg timestamp="20231208 09:46:16.957" level="INFO">${name} = gh适用M10苹果iPhone13/12/14/XR/7/8/max/plus耳机有线原装正品s</msg>
<status status="PASS" starttime="20231208 09:46:16.952" endtime="20231208 09:46:16.957"/>
</kw>
<kw name="Get Element Attribute" library="SeleniumLibrary">
<var>${url}</var>
<arg>xpath=//div[@data-qa-locator="product-item"][${i}]//div[@class="POgr1"]/a</arg>
<arg>href</arg>
<doc>Returns the value of ``attribute`` from the element ``locator``.</doc>
<msg timestamp="20231208 09:46:16.967" level="INFO">${url} = https://www.lazada.com.my/products/ghm10iphone131214xr78maxpluss-i3700588732.html</msg>
<status status="PASS" starttime="20231208 09:46:16.957" endtime="20231208 09:46:16.967"/>
</kw>
<kw name="Log" library="BuiltIn">
<arg>LAZADA</arg>
<doc>Logs the given message with the given level.</doc>
<msg timestamp="20231208 09:46:16.967" level="INFO">LAZADA</msg>
<status status="PASS" starttime="20231208 09:46:16.967" endtime="20231208 09:46:16.967"/>
</kw>
<kw name="Log" library="BuiltIn">
<arg>${url}</arg>
<doc>Logs the given message with the given level.</doc>
<msg timestamp="20231208 09:46:16.967" level="INFO">https://www.lazada.com.my/products/ghm10iphone131214xr78maxpluss-i3700588732.html</msg>
<status status="PASS" starttime="20231208 09:46:16.967" endtime="20231208 09:46:16.967"/>
</kw>
<kw name="Log" library="BuiltIn">
<arg>${price}</arg>
<doc>Logs the given message with the given level.</doc>
<msg timestamp="20231208 09:46:16.967" level="INFO">RM28.40</msg>
<status status="PASS" starttime="20231208 09:46:16.967" endtime="20231208 09:46:16.967"/>
</kw>
<kw name="Log" library="BuiltIn">
<arg>${name}</arg>
<doc>Logs the given message with the given level.</doc>
<msg timestamp="20231208 09:46:16.967" level="INFO">gh适用M10苹果iPhone13/12/14/XR/7/8/max/plus耳机有线原装正品s</msg>
<status status="PASS" starttime="20231208 09:46:16.967" endtime="20231208 09:46:16.967"/>
</kw>
<kw name="Compare String Has" library="CustomLibrary1">
<var>${status}</var>
<arg>${name}</arg>
<arg>iphone13</arg>
<arg>iphone 13</arg>
<msg timestamp="20231208 09:46:16.967" level="INFO">${status} = PASS</msg>
<status status="PASS" starttime="20231208 09:46:16.967" endtime="20231208 09:46:16.967"/>
</kw>
<kw name="Run Keyword And Ignore Error" library="BuiltIn">
<arg>Should be equal</arg>
<arg>${status}</arg>
<arg>PASS</arg>
<arg>contains string iphone13 or iphone 13</arg>
<doc>Runs the given keyword with the given arguments and ignores possible error.</doc>
<kw name="Should Be Equal" library="BuiltIn">
<arg>${status}</arg>
<arg>PASS</arg>
<arg>contains string iphone13 or iphone 13</arg>
<doc>Fails if the given objects are unequal.</doc>
<status status="PASS" starttime="20231208 09:46:16.967" endtime="20231208 09:46:16.967"/>
</kw>
<status status="PASS" starttime="20231208 09:46:16.967" endtime="20231208 09:46:16.967"/>
</kw>
<status status="PASS" starttime="20231208 09:46:16.936" endtime="20231208 09:46:16.967"/>
</iter>
<iter>
<var name="${i}">11</var>
<kw name="Get Text" library="SeleniumLibrary">
<var>${price}</var>
<arg>xpath=//div[@data-qa-locator="product-item"][${i}]//span[@class="ooOxS"]</arg>
<doc>Returns the text value of the element identified by ``locator``.</doc>
<msg timestamp="20231208 09:46:16.983" level="INFO">${price} = RM70.00</msg>
<status status="PASS" starttime="20231208 09:46:16.967" endtime="20231208 09:46:16.983"/>
</kw>
<kw name="Get Text" library="SeleniumLibrary">
<var>${name}</var>
<arg>xpath=//div[@data-qa-locator="product-item"][${i}]//div[@class="POgr1"]/a</arg>
<doc>Returns the text value of the element identified by ``locator``.</doc>
<msg timestamp="20231208 09:46:16.999" level="INFO">${name} = 2023 Latest i15 Pro Max Phone Sales Original Smartphone 100% New Smartphone 16GB+1TB 7.5" HD+ 120hz Display Screen Gaming Phone COD</msg>
<status status="PASS" starttime="20231208 09:46:16.983" endtime="20231208 09:46:16.999"/>
</kw>
<kw name="Get Element Attribute" library="SeleniumLibrary">
<var>${url}</var>
<arg>xpath=//div[@data-qa-locator="product-item"][${i}]//div[@class="POgr1"]/a</arg>
<arg>href</arg>
<doc>Returns the value of ``attribute`` from the element ``locator``.</doc>
<msg timestamp="20231208 09:46:16.999" level="INFO">${url} = https://www.lazada.com.my/products/2023-latest-i15-pro-max-phone-sales-original-smartphone-100-new-smartphone-16gb1tb-75-hd-120hz-display-screen-gaming-phone-cod-i3879364205.html</msg>
<status status="PASS" starttime="20231208 09:46:16.999" endtime="20231208 09:46:16.999"/>
</kw>
<kw name="Log" library="BuiltIn">
<arg>LAZADA</arg>
<doc>Logs the given message with the given level.</doc>
<msg timestamp="20231208 09:46:16.999" level="INFO">LAZADA</msg>
<status status="PASS" starttime="20231208 09:46:16.999" endtime="20231208 09:46:16.999"/>
</kw>
<kw name="Log" library="BuiltIn">
<arg>${url}</arg>
<doc>Logs the given message with the given level.</doc>
<msg timestamp="20231208 09:46:17.015" level="INFO">https://www.lazada.com.my/products/2023-latest-i15-pro-max-phone-sales-original-smartphone-100-new-smartphone-16gb1tb-75-hd-120hz-display-screen-gaming-phone-cod-i3879364205.html</msg>
<status status="PASS" starttime="20231208 09:46:17.015" endtime="20231208 09:46:17.015"/>
</kw>
<kw name="Log" library="BuiltIn">
<arg>${price}</arg>
<doc>Logs the given message with the given level.</doc>
<msg timestamp="20231208 09:46:17.015" level="INFO">RM70.00</msg>
<status status="PASS" starttime="20231208 09:46:17.015" endtime="20231208 09:46:17.015"/>
</kw>
<kw name="Log" library="BuiltIn">
<arg>${name}</arg>
<doc>Logs the given message with the given level.</doc>
<msg timestamp="20231208 09:46:17.015" level="INFO">2023 Latest i15 Pro Max Phone Sales Original Smartphone 100% New Smartphone 16GB+1TB 7.5" HD+ 120hz Display Screen Gaming Phone COD</msg>
<status status="PASS" starttime="20231208 09:46:17.015" endtime="20231208 09:46:17.015"/>
</kw>
<kw name="Compare String Has" library="CustomLibrary1">
<var>${status}</var>
<arg>${name}</arg>
<arg>iphone13</arg>
<arg>iphone 13</arg>
<msg timestamp="20231208 09:46:17.015" level="INFO">${status} = FAIL</msg>
<status status="PASS" starttime="20231208 09:46:17.015" endtime="20231208 09:46:17.015"/>
</kw>
<kw name="Run Keyword And Ignore Error" library="BuiltIn">
<arg>Should be equal</arg>
<arg>${status}</arg>
<arg>PASS</arg>
<arg>contains string iphone13 or iphone 13</arg>
<doc>Runs the given keyword with the given arguments and ignores possible error.</doc>
<kw name="Should Be Equal" library="BuiltIn">
<arg>${status}</arg>
<arg>PASS</arg>
<arg>contains string iphone13 or iphone 13</arg>
<doc>Fails if the given objects are unequal.</doc>
<msg timestamp="20231208 09:46:17.015" level="FAIL">contains string iphone13 or iphone 13: FAIL != PASS</msg>
<status status="FAIL" starttime="20231208 09:46:17.015" endtime="20231208 09:46:17.015"/>
</kw>
<status status="PASS" starttime="20231208 09:46:17.015" endtime="20231208 09:46:17.015"/>
</kw>
<status status="PASS" starttime="20231208 09:46:16.967" endtime="20231208 09:46:17.015"/>
</iter>
<iter>
<var name="${i}">12</var>
<kw name="Get Text" library="SeleniumLibrary">
<var>${price}</var>
<arg>xpath=//div[@data-qa-locator="product-item"][${i}]//span[@class="ooOxS"]</arg>
<doc>Returns the text value of the element identified by ``locator``.</doc>
<msg timestamp="20231208 09:46:17.031" level="INFO">${price} = RM78.00</msg>
<status status="PASS" starttime="20231208 09:46:17.015" endtime="20231208 09:46:17.031"/>
</kw>
<kw name="Get Text" library="SeleniumLibrary">
<var>${name}</var>
<arg>xpath=//div[@data-qa-locator="product-item"][${i}]//div[@class="POgr1"]/a</arg>
<doc>Returns the text value of the element identified by ``locator``.</doc>
<msg timestamp="20231208 09:46:17.031" level="INFO">${name} = OPPO 14 pro max Mobile phone 5G smartphone RAM 12GB+ROM512GB cellphone original big sale 2022 cheap</msg>
<status status="PASS" starttime="20231208 09:46:17.031" endtime="20231208 09:46:17.031"/>
</kw>
<kw name="Get Element Attribute" library="SeleniumLibrary">
<var>${url}</var>
<arg>xpath=//div[@data-qa-locator="product-item"][${i}]//div[@class="POgr1"]/a</arg>
<arg>href</arg>
<doc>Returns the value of ``attribute`` from the element ``locator``.</doc>
<msg timestamp="20231208 09:46:17.057" level="INFO">${url} = https://www.lazada.com.my/products/oppo-14-pro-max-mobile-phone-5g-smartphone-ram-12gbrom512gb-cellphone-original-big-sale-2022-cheap-i3858078332.html</msg>
<status status="PASS" starttime="20231208 09:46:17.031" endtime="20231208 09:46:17.057"/>
</kw>
<kw name="Log" library="BuiltIn">
<arg>LAZADA</arg>
<doc>Logs the given message with the given level.</doc>
<msg timestamp="20231208 09:46:17.057" level="INFO">LAZADA</msg>
<status status="PASS" starttime="20231208 09:46:17.057" endtime="20231208 09:46:17.057"/>
</kw>
<kw name="Log" library="BuiltIn">
<arg>${url}</arg>
<doc>Logs the given message with the given level.</doc>
<msg timestamp="20231208 09:46:17.057" level="INFO">https://www.lazada.com.my/products/oppo-14-pro-max-mobile-phone-5g-smartphone-ram-12gbrom512gb-cellphone-original-big-sale-2022-cheap-i3858078332.html</msg>
<status status="PASS" starttime="20231208 09:46:17.057" endtime="20231208 09:46:17.057"/>
</kw>
<kw name="Log" library="BuiltIn">
<arg>${price}</arg>
<doc>Logs the given message with the given level.</doc>
<msg timestamp="20231208 09:46:17.057" level="INFO">RM78.00</msg>
<status status="PASS" starttime="20231208 09:46:17.057" endtime="20231208 09:46:17.057"/>
</kw>
<kw name="Log" library="BuiltIn">
<arg>${name}</arg>
<doc>Logs the given message with the given level.</doc>
<msg timestamp="20231208 09:46:17.057" level="INFO">OPPO 14 pro max Mobile phone 5G smartphone RAM 12GB+ROM512GB cellphone original big sale 2022 cheap</msg>
<status status="PASS" starttime="20231208 09:46:17.057" endtime="20231208 09:46:17.057"/>
</kw>
<kw name="Compare String Has" library="CustomLibrary1">
<var>${status}</var>
<arg>${name}</arg>
<arg>iphone13</arg>
<arg>iphone 13</arg>
<msg timestamp="20231208 09:46:17.057" level="INFO">${status} = FAIL</msg>
<status status="PASS" starttime="20231208 09:46:17.057" endtime="20231208 09:46:17.057"/>
</kw>
<kw name="Run Keyword And Ignore Error" library="BuiltIn">
<arg>Should be equal</arg>
<arg>${status}</arg>
<arg>PASS</arg>
<arg>contains string iphone13 or iphone 13</arg>
<doc>Runs the given keyword with the given arguments and ignores possible error.</doc>
<kw name="Should Be Equal" library="BuiltIn">
<arg>${status}</arg>
<arg>PASS</arg>
<arg>contains string iphone13 or iphone 13</arg>
<doc>Fails if the given objects are unequal.</doc>
<msg timestamp="20231208 09:46:17.057" level="FAIL">contains string iphone13 or iphone 13: FAIL != PASS</msg>
<status status="FAIL" starttime="20231208 09:46:17.057" endtime="20231208 09:46:17.057"/>
</kw>
<status status="PASS" starttime="20231208 09:46:17.057" endtime="20231208 09:46:17.057"/>
</kw>
<status status="PASS" starttime="20231208 09:46:17.015" endtime="20231208 09:46:17.057"/>
</iter>
<iter>
<var name="${i}">13</var>
<kw name="Get Text" library="SeleniumLibrary">
<var>${price}</var>
<arg>xpath=//div[@data-qa-locator="product-item"][${i}]//span[@class="ooOxS"]</arg>
<doc>Returns the text value of the element identified by ``locator``.</doc>
<msg timestamp="20231208 09:46:17.063" level="INFO">${price} = RM79.00</msg>
<status status="PASS" starttime="20231208 09:46:17.057" endtime="20231208 09:46:17.063"/>
</kw>
<kw name="Get Text" library="SeleniumLibrary">
<var>${name}</var>
<arg>xpath=//div[@data-qa-locator="product-item"][${i}]//div[@class="POgr1"]/a</arg>
<doc>Returns the text value of the element identified by ``locator``.</doc>
<msg timestamp="20231208 09:46:17.079" level="INFO">${name} = 2023 BIG SALE Gadget i14 Pro MAX Original Smartphones 16GB+512GB phone13 10-Core 5G LET Cellphones</msg>
<status status="PASS" starttime="20231208 09:46:17.063" endtime="20231208 09:46:17.079"/>
</kw>
<kw name="Get Element Attribute" library="SeleniumLibrary">
<var>${url}</var>
<arg>xpath=//div[@data-qa-locator="product-item"][${i}]//div[@class="POgr1"]/a</arg>
<arg>href</arg>
<doc>Returns the value of ``attribute`` from the element ``locator``.</doc>
<msg timestamp="20231208 09:46:17.095" level="INFO">${url} = https://www.lazada.com.my/products/2023-big-sale-gadget-i14-pro-max-original-smartphones-16gb512gb-phone13-10-core-5g-let-cellphones-i3857489389.html</msg>
<status status="PASS" starttime="20231208 09:46:17.079" endtime="20231208 09:46:17.095"/>
</kw>
<kw name="Log" library="BuiltIn">
<arg>LAZADA</arg>
<doc>Logs the given message with the given level.</doc>
<msg timestamp="20231208 09:46:17.095" level="INFO">LAZADA</msg>
<status status="PASS" starttime="20231208 09:46:17.095" endtime="20231208 09:46:17.095"/>
</kw>
<kw name="Log" library="BuiltIn">
<arg>${url}</arg>
<doc>Logs the given message with the given level.</doc>
<msg timestamp="20231208 09:46:17.095" level="INFO">https://www.lazada.com.my/products/2023-big-sale-gadget-i14-pro-max-original-smartphones-16gb512gb-phone13-10-core-5g-let-cellphones-i3857489389.html</msg>
<status status="PASS" starttime="20231208 09:46:17.095" endtime="20231208 09:46:17.095"/>
</kw>
<kw name="Log" library="BuiltIn">
<arg>${price}</arg>
<doc>Logs the given message with the given level.</doc>
<msg timestamp="20231208 09:46:17.095" level="INFO">RM79.00</msg>
<status status="PASS" starttime="20231208 09:46:17.095" endtime="20231208 09:46:17.095"/>
</kw>
<kw name="Log" library="BuiltIn">
<arg>${name}</arg>
<doc>Logs the given message with the given level.</doc>
<msg timestamp="20231208 09:46:17.095" level="INFO">2023 BIG SALE Gadget i14 Pro MAX Original Smartphones 16GB+512GB phone13 10-Core 5G LET Cellphones</msg>
<status status="PASS" starttime="20231208 09:46:17.095" endtime="20231208 09:46:17.095"/>
</kw>
<kw name="Compare String Has" library="CustomLibrary1">
<var>${status}</var>
<arg>${name}</arg>
<arg>iphone13</arg>
<arg>iphone 13</arg>
<msg timestamp="20231208 09:46:17.095" level="INFO">${status} = FAIL</msg>
<status status="PASS" starttime="20231208 09:46:17.095" endtime="20231208 09:46:17.095"/>
</kw>
<kw name="Run Keyword And Ignore Error" library="BuiltIn">
<arg>Should be equal</arg>
<arg>${status}</arg>
<arg>PASS</arg>
<arg>contains string iphone13 or iphone 13</arg>
<doc>Runs the given keyword with the given arguments and ignores possible error.</doc>
<kw name="Should Be Equal" library="BuiltIn">
<arg>${status}</arg>
<arg>PASS</arg>
<arg>contains string iphone13 or iphone 13</arg>
<doc>Fails if the given objects are unequal.</doc>
<msg timestamp="20231208 09:46:17.095" level="FAIL">contains string iphone13 or iphone 13: FAIL != PASS</msg>
<status status="FAIL" starttime="20231208 09:46:17.095" endtime="20231208 09:46:17.095"/>
</kw>
<status status="PASS" starttime="20231208 09:46:17.095" endtime="20231208 09:46:17.095"/>
</kw>
<status status="PASS" starttime="20231208 09:46:17.057" endtime="20231208 09:46:17.095"/>
</iter>
<iter>
<var name="${i}">14</var>
<kw name="Get Text" library="SeleniumLibrary">
<var>${price}</var>
<arg>xpath=//div[@data-qa-locator="product-item"][${i}]//span[@class="ooOxS"]</arg>
<doc>Returns the text value of the element identified by ``locator``.</doc>
<msg timestamp="20231208 09:46:17.110" level="INFO">${price} = RM92.00</msg>
<status status="PASS" starttime="20231208 09:46:17.095" endtime="20231208 09:46:17.110"/>
</kw>
<kw name="Get Text" library="SeleniumLibrary">
<var>${name}</var>
<arg>xpath=//div[@data-qa-locator="product-item"][${i}]//div[@class="POgr1"]/a</arg>
<doc>Returns the text value of the element identified by ``locator``.</doc>
<msg timestamp="20231208 09:46:17.126" level="INFO">${name} = Global Version A39 Smartphone 8GB+256GB FHD+ Screen Octa Core 50MP+80MP Dual Camera 5000mAh Android Phone Smart Mobile Phone</msg>
<status status="PASS" starttime="20231208 09:46:17.110" endtime="20231208 09:46:17.126"/>
</kw>
<kw name="Get Element Attribute" library="SeleniumLibrary">
<var>${url}</var>
<arg>xpath=//div[@data-qa-locator="product-item"][${i}]//div[@class="POgr1"]/a</arg>
<arg>href</arg>
<doc>Returns the value of ``attribute`` from the element ``locator``.</doc>
<msg timestamp="20231208 09:46:17.143" level="INFO">${url} = https://www.lazada.com.my/products/global-version-a39-smartphone-8gb256gb-fhd-screen-octa-core-50mp80mp-dual-camera-5000mah-android-phone-smart-mobile-phone-i3047363889.html</msg>
<status status="PASS" starttime="20231208 09:46:17.126" endtime="20231208 09:46:17.143"/>
</kw>
<kw name="Log" library="BuiltIn">
<arg>LAZADA</arg>
<doc>Logs the given message with the given level.</doc>
<msg timestamp="20231208 09:46:17.143" level="INFO">LAZADA</msg>
<status status="PASS" starttime="20231208 09:46:17.143" endtime="20231208 09:46:17.143"/>
</kw>
<kw name="Log" library="BuiltIn">
<arg>${url}</arg>
<doc>Logs the given message with the given level.</doc>
<msg timestamp="20231208 09:46:17.143" level="INFO">https://www.lazada.com.my/products/global-version-a39-smartphone-8gb256gb-fhd-screen-octa-core-50mp80mp-dual-camera-5000mah-android-phone-smart-mobile-phone-i3047363889.html</msg>
<status status="PASS" starttime="20231208 09:46:17.143" endtime="20231208 09:46:17.143"/>
</kw>
<kw name="Log" library="BuiltIn">
<arg>${price}</arg>
<doc>Logs the given message with the given level.</doc>
<msg timestamp="20231208 09:46:17.143" level="INFO">RM92.00</msg>
<status status="PASS" starttime="20231208 09:46:17.143" endtime="20231208 09:46:17.143"/>
</kw>
<kw name="Log" library="BuiltIn">
<arg>${name}</arg>
<doc>Logs the given message with the given level.</doc>
<msg timestamp="20231208 09:46:17.143" level="INFO">Global Version A39 Smartphone 8GB+256GB FHD+ Screen Octa Core 50MP+80MP Dual Camera 5000mAh Android Phone Smart Mobile Phone</msg>
<status status="PASS" starttime="20231208 09:46:17.143" endtime="20231208 09:46:17.143"/>
</kw>
<kw name="Compare String Has" library="CustomLibrary1">
<var>${status}</var>
<arg>${name}</arg>
<arg>iphone13</arg>
<arg>iphone 13</arg>
<msg timestamp="20231208 09:46:17.143" level="INFO">${status} = FAIL</msg>
<status status="PASS" starttime="20231208 09:46:17.143" endtime="20231208 09:46:17.143"/>
</kw>
<kw name="Run Keyword And Ignore Error" library="BuiltIn">
<arg>Should be equal</arg>
<arg>${status}</arg>
<arg>PASS</arg>
<arg>contains string iphone13 or iphone 13</arg>
<doc>Runs the given keyword with the given arguments and ignores possible error.</doc>
<kw name="Should Be Equal" library="BuiltIn">
<arg>${status}</arg>
<arg>PASS</arg>
<arg>contains string iphone13 or iphone 13</arg>
<doc>Fails if the given objects are unequal.</doc>
<msg timestamp="20231208 09:46:17.143" level="FAIL">contains string iphone13 or iphone 13: FAIL != PASS</msg>
<status status="FAIL" starttime="20231208 09:46:17.143" endtime="20231208 09:46:17.143"/>
</kw>
<status status="PASS" starttime="20231208 09:46:17.143" endtime="20231208 09:46:17.143"/>
</kw>
<status status="PASS" starttime="20231208 09:46:17.095" endtime="20231208 09:46:17.143"/>
</iter>
<iter>
<var name="${i}">15</var>
<kw name="Get Text" library="SeleniumLibrary">
<var>${price}</var>
<arg>xpath=//div[@data-qa-locator="product-item"][${i}]//span[@class="ooOxS"]</arg>
<doc>Returns the text value of the element identified by ``locator``.</doc>
<msg timestamp="20231208 09:46:17.158" level="INFO">${price} = RM93.00</msg>
<status status="PASS" starttime="20231208 09:46:17.143" endtime="20231208 09:46:17.158"/>
</kw>
<kw name="Get Text" library="SeleniumLibrary">
<var>${name}</var>
<arg>xpath=//div[@data-qa-locator="product-item"][${i}]//div[@class="POgr1"]/a</arg>
<doc>Returns the text value of the element identified by ``locator``.</doc>
<msg timestamp="20231208 09:46:17.158" level="INFO">${name} = [In Stock] BDF 6.7inch i14Pro Max smartphone, Unisoc Deca -Core, 16GB+512GB 16MP+32MP Camera 6800mAh Battery Dual SIM Cellphone Cheap Local ship</msg>
<status status="PASS" starttime="20231208 09:46:17.158" endtime="20231208 09:46:17.173"/>
</kw>
<kw name="Get Element Attribute" library="SeleniumLibrary">
<var>${url}</var>
<arg>xpath=//div[@data-qa-locator="product-item"][${i}]//div[@class="POgr1"]/a</arg>
<arg>href</arg>
<doc>Returns the value of ``attribute`` from the element ``locator``.</doc>
<msg timestamp="20231208 09:46:17.173" level="INFO">${url} = https://www.lazada.com.my/products/in-stock-bdf-67inch-i14pro-max-smartphone-unisoc-deca-core-16gb512gb-16mp32mp-camera-6800mah-battery-dual-sim-cellphone-cheap-local-ship-i3457849151.html</msg>
<status status="PASS" starttime="20231208 09:46:17.173" endtime="20231208 09:46:17.173"/>
</kw>
<kw name="Log" library="BuiltIn">
<arg>LAZADA</arg>
<doc>Logs the given message with the given level.</doc>
<msg timestamp="20231208 09:46:17.173" level="INFO">LAZADA</msg>
<status status="PASS" starttime="20231208 09:46:17.173" endtime="20231208 09:46:17.173"/>
</kw>
<kw name="Log" library="BuiltIn">
<arg>${url}</arg>
<doc>Logs the given message with the given level.</doc>
<msg timestamp="20231208 09:46:17.173" level="INFO">https://www.lazada.com.my/products/in-stock-bdf-67inch-i14pro-max-smartphone-unisoc-deca-core-16gb512gb-16mp32mp-camera-6800mah-battery-dual-sim-cellphone-cheap-local-ship-i3457849151.html</msg>
<status status="PASS" starttime="20231208 09:46:17.173" endtime="20231208 09:46:17.173"/>
</kw>
<kw name="Log" library="BuiltIn">
<arg>${price}</arg>
<doc>Logs the given message with the given level.</doc>
<msg timestamp="20231208 09:46:17.173" level="INFO">RM93.00</msg>
<status status="PASS" starttime="20231208 09:46:17.173" endtime="20231208 09:46:17.173"/>
</kw>
<kw name="Log" library="BuiltIn">
<arg>${name}</arg>
<doc>Logs the given message with the given level.</doc>
<msg timestamp="20231208 09:46:17.173" level="INFO">[In Stock] BDF 6.7inch i14Pro Max smartphone, Unisoc Deca -Core, 16GB+512GB 16MP+32MP Camera 6800mAh Battery Dual SIM Cellphone Cheap Local ship</msg>
<status status="PASS" starttime="20231208 09:46:17.173" endtime="20231208 09:46:17.173"/>
</kw>
<kw name="Compare String Has" library="CustomLibrary1">
<var>${status}</var>
<arg>${name}</arg>
<arg>iphone13</arg>
<arg>iphone 13</arg>
<msg timestamp="20231208 09:46:17.173" level="INFO">${status} = FAIL</msg>
<status status="PASS" starttime="20231208 09:46:17.173" endtime="20231208 09:46:17.173"/>
</kw>
<kw name="Run Keyword And Ignore Error" library="BuiltIn">
<arg>Should be equal</arg>
<arg>${status}</arg>
<arg>PASS</arg>
<arg>contains string iphone13 or iphone 13</arg>
<doc>Runs the given keyword with the given arguments and ignores possible error.</doc>
<kw name="Should Be Equal" library="BuiltIn">
<arg>${status}</arg>
<arg>PASS</arg>
<arg>contains string iphone13 or iphone 13</arg>
<doc>Fails if the given objects are unequal.</doc>
<msg timestamp="20231208 09:46:17.173" level="FAIL">contains string iphone13 or iphone 13: FAIL != PASS</msg>
<status status="FAIL" starttime="20231208 09:46:17.173" endtime="20231208 09:46:17.173"/>
</kw>
<status status="PASS" starttime="20231208 09:46:17.173" endtime="20231208 09:46:17.173"/>
</kw>
<status status="PASS" starttime="20231208 09:46:17.143" endtime="20231208 09:46:17.173"/>
</iter>
<iter>
<var name="${i}">16</var>
<kw name="Get Text" library="SeleniumLibrary">
<var>${price}</var>
<arg>xpath=//div[@data-qa-locator="product-item"][${i}]//span[@class="ooOxS"]</arg>
<doc>Returns the text value of the element identified by ``locator``.</doc>
<msg timestamp="20231208 09:46:17.189" level="INFO">${price} = RM96.00</msg>
<status status="PASS" starttime="20231208 09:46:17.173" endtime="20231208 09:46:17.189"/>
</kw>
<kw name="Get Text" library="SeleniumLibrary">
<var>${name}</var>
<arg>xpath=//div[@data-qa-locator="product-item"][${i}]//div[@class="POgr1"]/a</arg>
<doc>Returns the text value of the element identified by ``locator``.</doc>
<msg timestamp="20231208 09:46:17.205" level="INFO">${name} = OPPO 14 pro max Mobile phone 5G smartphone RAM 12GB+ROM512GB cellphone original big sale 2022 cheap</msg>
<status status="PASS" starttime="20231208 09:46:17.189" endtime="20231208 09:46:17.205"/>
</kw>
<kw name="Get Element Attribute" library="SeleniumLibrary">
<var>${url}</var>
<arg>xpath=//div[@data-qa-locator="product-item"][${i}]//div[@class="POgr1"]/a</arg>
<arg>href</arg>
<doc>Returns the value of ``attribute`` from the element ``locator``.</doc>
<msg timestamp="20231208 09:46:17.221" level="INFO">${url} = https://www.lazada.com.my/products/oppo-14-pro-max-mobile-phone-5g-smartphone-ram-12gbrom512gb-cellphone-original-big-sale-2022-cheap-i3791803433.html</msg>
<status status="PASS" starttime="20231208 09:46:17.205" endtime="20231208 09:46:17.221"/>
</kw>
<kw name="Log" library="BuiltIn">
<arg>LAZADA</arg>
<doc>Logs the given message with the given level.</doc>
<msg timestamp="20231208 09:46:17.221" level="INFO">LAZADA</msg>
<status status="PASS" starttime="20231208 09:46:17.221" endtime="20231208 09:46:17.221"/>
</kw>
<kw name="Log" library="BuiltIn">
<arg>${url}</arg>
<doc>Logs the given message with the given level.</doc>
<msg timestamp="20231208 09:46:17.221" level="INFO">https://www.lazada.com.my/products/oppo-14-pro-max-mobile-phone-5g-smartphone-ram-12gbrom512gb-cellphone-original-big-sale-2022-cheap-i3791803433.html</msg>
<status status="PASS" starttime="20231208 09:46:17.221" endtime="20231208 09:46:17.221"/>
</kw>
<kw name="Log" library="BuiltIn">
<arg>${price}</arg>
<doc>Logs the given message with the given level.</doc>
<msg timestamp="20231208 09:46:17.221" level="INFO">RM96.00</msg>
<status status="PASS" starttime="20231208 09:46:17.221" endtime="20231208 09:46:17.221"/>
</kw>
<kw name="Log" library="BuiltIn">
<arg>${name}</arg>
<doc>Logs the given message with the given level.</doc>
<msg timestamp="20231208 09:46:17.221" level="INFO">OPPO 14 pro max Mobile phone 5G smartphone RAM 12GB+ROM512GB cellphone original big sale 2022 cheap</msg>
<status status="PASS" starttime="20231208 09:46:17.221" endtime="20231208 09:46:17.221"/>
</kw>
<kw name="Compare String Has" library="CustomLibrary1">
<var>${status}</var>
<arg>${name}</arg>
<arg>iphone13</arg>
<arg>iphone 13</arg>
<msg timestamp="20231208 09:46:17.221" level="INFO">${status} = FAIL</msg>
<status status="PASS" starttime="20231208 09:46:17.221" endtime="20231208 09:46:17.221"/>
</kw>
<kw name="Run Keyword And Ignore Error" library="BuiltIn">
<arg>Should be equal</arg>
<arg>${status}</arg>
<arg>PASS</arg>
<arg>contains string iphone13 or iphone 13</arg>
<doc>Runs the given keyword with the given arguments and ignores possible error.</doc>
<kw name="Should Be Equal" library="BuiltIn">
<arg>${status}</arg>
<arg>PASS</arg>
<arg>contains string iphone13 or iphone 13</arg>
<doc>Fails if the given objects are unequal.</doc>
<msg timestamp="20231208 09:46:17.221" level="FAIL">contains string iphone13 or iphone 13: FAIL != PASS</msg>
<status status="FAIL" starttime="20231208 09:46:17.221" endtime="20231208 09:46:17.221"/>
</kw>
<status status="PASS" starttime="20231208 09:46:17.221" endtime="20231208 09:46:17.221"/>
</kw>
<status status="PASS" starttime="20231208 09:46:17.173" endtime="20231208 09:46:17.221"/>
</iter>
<iter>
<var name="${i}">17</var>
<kw name="Get Text" library="SeleniumLibrary">
<var>${price}</var>
<arg>xpath=//div[@data-qa-locator="product-item"][${i}]//span[@class="ooOxS"]</arg>
<doc>Returns the text value of the element identified by ``locator``.</doc>
<msg timestamp="20231208 09:46:17.237" level="INFO">${price} = RM102.76</msg>
<status status="PASS" starttime="20231208 09:46:17.221" endtime="20231208 09:46:17.237"/>
</kw>
<kw name="Get Text" library="SeleniumLibrary">
<var>${name}</var>
<arg>xpath=//div[@data-qa-locator="product-item"][${i}]//div[@class="POgr1"]/a</arg>
<doc>Returns the text value of the element identified by ``locator``.</doc>
<msg timestamp="20231208 09:46:17.257" level="INFO">${name} = elago Compatible with iPhone 13 Pro Max Case Liquid Silicone Case Full Body Screen Camera Protective Cover Shockproof Slim Phone Case Anti-Scratch Soft Microfiber Lining 6.7 inch</msg>
<status status="PASS" starttime="20231208 09:46:17.237" endtime="20231208 09:46:17.257"/>
</kw>
<kw name="Get Element Attribute" library="SeleniumLibrary">
<var>${url}</var>
<arg>xpath=//div[@data-qa-locator="product-item"][${i}]//div[@class="POgr1"]/a</arg>
<arg>href</arg>
<doc>Returns the value of ``attribute`` from the element ``locator``.</doc>
<msg timestamp="20231208 09:46:17.269" level="INFO">${url} = https://www.lazada.com.my/products/elago-compatible-with-iphone-13-pro-max-case-liquid-silicone-case-full-body-screen-camera-protective-cover-shockproof-slim-phone-case-anti-scratch-soft-microfiber-li...</msg>
<status status="PASS" starttime="20231208 09:46:17.257" endtime="20231208 09:46:17.269"/>
</kw>
<kw name="Log" library="BuiltIn">
<arg>LAZADA</arg>
<doc>Logs the given message with the given level.</doc>
<msg timestamp="20231208 09:46:17.269" level="INFO">LAZADA</msg>
<status status="PASS" starttime="20231208 09:46:17.269" endtime="20231208 09:46:17.269"/>
</kw>
<kw name="Log" library="BuiltIn">
<arg>${url}</arg>
<doc>Logs the given message with the given level.</doc>
<msg timestamp="20231208 09:46:17.269" level="INFO">https://www.lazada.com.my/products/elago-compatible-with-iphone-13-pro-max-case-liquid-silicone-case-full-body-screen-camera-protective-cover-shockproof-slim-phone-case-anti-scratch-soft-microfiber-lining-67-inch-i2764820311.html</msg>
<status status="PASS" starttime="20231208 09:46:17.269" endtime="20231208 09:46:17.269"/>
</kw>
<kw name="Log" library="BuiltIn">
<arg>${price}</arg>
<doc>Logs the given message with the given level.</doc>
<msg timestamp="20231208 09:46:17.269" level="INFO">RM102.76</msg>
<status status="PASS" starttime="20231208 09:46:17.269" endtime="20231208 09:46:17.269"/>
</kw>
<kw name="Log" library="BuiltIn">
<arg>${name}</arg>
<doc>Logs the given message with the given level.</doc>
<msg timestamp="20231208 09:46:17.269" level="INFO">elago Compatible with iPhone 13 Pro Max Case Liquid Silicone Case Full Body Screen Camera Protective Cover Shockproof Slim Phone Case Anti-Scratch Soft Microfiber Lining 6.7 inch</msg>
<status status="PASS" starttime="20231208 09:46:17.269" endtime="20231208 09:46:17.269"/>
</kw>
<kw name="Compare String Has" library="CustomLibrary1">
<var>${status}</var>
<arg>${name}</arg>
<arg>iphone13</arg>
<arg>iphone 13</arg>
<msg timestamp="20231208 09:46:17.269" level="INFO">${status} = PASS</msg>
<status status="PASS" starttime="20231208 09:46:17.269" endtime="20231208 09:46:17.269"/>
</kw>
<kw name="Run Keyword And Ignore Error" library="BuiltIn">
<arg>Should be equal</arg>
<arg>${status}</arg>
<arg>PASS</arg>
<arg>contains string iphone13 or iphone 13</arg>
<doc>Runs the given keyword with the given arguments and ignores possible error.</doc>
<kw name="Should Be Equal" library="BuiltIn">
<arg>${status}</arg>
<arg>PASS</arg>
<arg>contains string iphone13 or iphone 13</arg>
<doc>Fails if the given objects are unequal.</doc>
<status status="PASS" starttime="20231208 09:46:17.269" endtime="20231208 09:46:17.269"/>
</kw>
<status status="PASS" starttime="20231208 09:46:17.269" endtime="20231208 09:46:17.269"/>
</kw>
<status status="PASS" starttime="20231208 09:46:17.221" endtime="20231208 09:46:17.269"/>
</iter>
<iter>
<var name="${i}">18</var>
<kw name="Get Text" library="SeleniumLibrary">
<var>${price}</var>
<arg>xpath=//div[@data-qa-locator="product-item"][${i}]//span[@class="ooOxS"]</arg>
<doc>Returns the text value of the element identified by ``locator``.</doc>
<msg timestamp="20231208 09:46:17.285" level="INFO">${price} = RM105.00</msg>
<status status="PASS" starttime="20231208 09:46:17.269" endtime="20231208 09:46:17.285"/>
</kw>
<kw name="Get Text" library="SeleniumLibrary">
<var>${name}</var>
<arg>xpath=//div[@data-qa-locator="product-item"][${i}]//div[@class="POgr1"]/a</arg>
<doc>Returns the text value of the element identified by ``locator``.</doc>
<msg timestamp="20231208 09:46:17.301" level="INFO">${name} = [In Stock] BDF W39 Andiord 11 Max 4G Smartphone,8GB+256GB Dimensity 900, 90Hz 5'' FHD+ Display 50MP+80MP Camera Cell Phone</msg>
<status status="PASS" starttime="20231208 09:46:17.285" endtime="20231208 09:46:17.301"/>
</kw>
<kw name="Get Element Attribute" library="SeleniumLibrary">
<var>${url}</var>
<arg>xpath=//div[@data-qa-locator="product-item"][${i}]//div[@class="POgr1"]/a</arg>
<arg>href</arg>
<doc>Returns the value of ``attribute`` from the element ``locator``.</doc>
<msg timestamp="20231208 09:46:17.301" level="INFO">${url} = https://www.lazada.com.my/products/in-stock-bdf-w39-andiord-11-max-4g-smartphone8gb256gb-dimensity-900-90hz-5-fhd-display-50mp80mp-camera-cell-phone-i3358840048.html</msg>
<status status="PASS" starttime="20231208 09:46:17.301" endtime="20231208 09:46:17.301"/>
</kw>
<kw name="Log" library="BuiltIn">
<arg>LAZADA</arg>
<doc>Logs the given message with the given level.</doc>
<msg timestamp="20231208 09:46:17.301" level="INFO">LAZADA</msg>
<status status="PASS" starttime="20231208 09:46:17.301" endtime="20231208 09:46:17.301"/>
</kw>
<kw name="Log" library="BuiltIn">
<arg>${url}</arg>
<doc>Logs the given message with the given level.</doc>
<msg timestamp="20231208 09:46:17.301" level="INFO">https://www.lazada.com.my/products/in-stock-bdf-w39-andiord-11-max-4g-smartphone8gb256gb-dimensity-900-90hz-5-fhd-display-50mp80mp-camera-cell-phone-i3358840048.html</msg>
<status status="PASS" starttime="20231208 09:46:17.301" endtime="20231208 09:46:17.301"/>
</kw>
<kw name="Log" library="BuiltIn">
<arg>${price}</arg>
<doc>Logs the given message with the given level.</doc>
<msg timestamp="20231208 09:46:17.301" level="INFO">RM105.00</msg>
<status status="PASS" starttime="20231208 09:46:17.301" endtime="20231208 09:46:17.301"/>
</kw>
<kw name="Log" library="BuiltIn">
<arg>${name}</arg>
<doc>Logs the given message with the given level.</doc>
<msg timestamp="20231208 09:46:17.301" level="INFO">[In Stock] BDF W39 Andiord 11 Max 4G Smartphone,8GB+256GB Dimensity 900, 90Hz 5'' FHD+ Display 50MP+80MP Camera Cell Phone</msg>
<status status="PASS" starttime="20231208 09:46:17.301" endtime="20231208 09:46:17.301"/>
</kw>
<kw name="Compare String Has" library="CustomLibrary1">
<var>${status}</var>
<arg>${name}</arg>
<arg>iphone13</arg>
<arg>iphone 13</arg>
<msg timestamp="20231208 09:46:17.301" level="INFO">${status} = FAIL</msg>
<status status="PASS" starttime="20231208 09:46:17.301" endtime="20231208 09:46:17.301"/>
</kw>
<kw name="Run Keyword And Ignore Error" library="BuiltIn">
<arg>Should be equal</arg>
<arg>${status}</arg>
<arg>PASS</arg>
<arg>contains string iphone13 or iphone 13</arg>
<doc>Runs the given keyword with the given arguments and ignores possible error.</doc>
<kw name="Should Be Equal" library="BuiltIn">
<arg>${status}</arg>
<arg>PASS</arg>
<arg>contains string iphone13 or iphone 13</arg>
<doc>Fails if the given objects are unequal.</doc>
<msg timestamp="20231208 09:46:17.301" level="FAIL">contains string iphone13 or iphone 13: FAIL != PASS</msg>
<status status="FAIL" starttime="20231208 09:46:17.301" endtime="20231208 09:46:17.301"/>
</kw>
<status status="PASS" starttime="20231208 09:46:17.301" endtime="20231208 09:46:17.301"/>
</kw>
<status status="PASS" starttime="20231208 09:46:17.269" endtime="20231208 09:46:17.301"/>
</iter>
<iter>
<var name="${i}">19</var>
<kw name="Get Text" library="SeleniumLibrary">
<var>${price}</var>
<arg>xpath=//div[@data-qa-locator="product-item"][${i}]//span[@class="ooOxS"]</arg>
<doc>Returns the text value of the element identified by ``locator``.</doc>
<msg timestamp="20231208 09:46:17.330" level="INFO">${price} = RM26.62</msg>
<status status="PASS" starttime="20231208 09:46:17.301" endtime="20231208 09:46:17.330"/>
</kw>
<kw name="Get Text" library="SeleniumLibrary">
<var>${name}</var>
<arg>xpath=//div[@data-qa-locator="product-item"][${i}]//div[@class="POgr1"]/a</arg>
<doc>Returns the text value of the element identified by ``locator``.</doc>
<msg timestamp="20231208 09:46:17.339" level="INFO">${name} = 【Lowest Price】Latest Promotion Smartphone A97 phone original 12GB+512GB 7.5 Inch mobile phone Big Screen Cheap Cellphone Android 10.0 4/5G Handphone GSM Android Dual SIM Clearance Sale Game Learning M...</msg>
<status status="PASS" starttime="20231208 09:46:17.330" endtime="20231208 09:46:17.339"/>
</kw>
<kw name="Get Element Attribute" library="SeleniumLibrary">
<var>${url}</var>
<arg>xpath=//div[@data-qa-locator="product-item"][${i}]//div[@class="POgr1"]/a</arg>
<arg>href</arg>
<doc>Returns the value of ``attribute`` from the element ``locator``.</doc>
<msg timestamp="20231208 09:46:17.358" level="INFO">${url} = https://www.lazada.com.my/products/lowest-pricelatest-promotion-smartphone-a97-phone-original-12gb512gb-75-inch-mobile-phone-big-screen-cheap-cellphone-android-100-45g-handphone-gsm-android-dual-sim-c...</msg>
<status status="PASS" starttime="20231208 09:46:17.339" endtime="20231208 09:46:17.358"/>
</kw>
<kw name="Log" library="BuiltIn">
<arg>LAZADA</arg>
<doc>Logs the given message with the given level.</doc>
<msg timestamp="20231208 09:46:17.358" level="INFO">LAZADA</msg>
<status status="PASS" starttime="20231208 09:46:17.358" endtime="20231208 09:46:17.358"/>
</kw>
<kw name="Log" library="BuiltIn">
<arg>${url}</arg>
<doc>Logs the given message with the given level.</doc>
<msg timestamp="20231208 09:46:17.358" level="INFO">https://www.lazada.com.my/products/lowest-pricelatest-promotion-smartphone-a97-phone-original-12gb512gb-75-inch-mobile-phone-big-screen-cheap-cellphone-android-100-45g-handphone-gsm-android-dual-sim-clearance-sale-game-learning-machine-a57-telefon-bimbit-with-video-calling-i3525416802.html</msg>
<status status="PASS" starttime="20231208 09:46:17.358" endtime="20231208 09:46:17.358"/>
</kw>
<kw name="Log" library="BuiltIn">
<arg>${price}</arg>
<doc>Logs the given message with the given level.</doc>
<msg timestamp="20231208 09:46:17.358" level="INFO">RM26.62</msg>
<status status="PASS" starttime="20231208 09:46:17.358" endtime="20231208 09:46:17.358"/>
</kw>
<kw name="Log" library="BuiltIn">
<arg>${name}</arg>
<doc>Logs the given message with the given level.</doc>
<msg timestamp="20231208 09:46:17.358" level="INFO">【Lowest Price】Latest Promotion Smartphone A97 phone original 12GB+512GB 7.5 Inch mobile phone Big Screen Cheap Cellphone Android 10.0 4/5G Handphone GSM Android Dual SIM Clearance Sale Game Learning Machine A57 telefon bimbit with Video Calling</msg>
<status status="PASS" starttime="20231208 09:46:17.358" endtime="20231208 09:46:17.358"/>
</kw>
<kw name="Compare String Has" library="CustomLibrary1">
<var>${status}</var>
<arg>${name}</arg>
<arg>iphone13</arg>
<arg>iphone 13</arg>
<msg timestamp="20231208 09:46:17.358" level="INFO">${status} = FAIL</msg>
<status status="PASS" starttime="20231208 09:46:17.358" endtime="20231208 09:46:17.358"/>
</kw>
<kw name="Run Keyword And Ignore Error" library="BuiltIn">
<arg>Should be equal</arg>
<arg>${status}</arg>
<arg>PASS</arg>
<arg>contains string iphone13 or iphone 13</arg>
<doc>Runs the given keyword with the given arguments and ignores possible error.</doc>
<kw name="Should Be Equal" library="BuiltIn">
<arg>${status}</arg>
<arg>PASS</arg>
<arg>contains string iphone13 or iphone 13</arg>
<doc>Fails if the given objects are unequal.</doc>
<msg timestamp="20231208 09:46:17.358" level="FAIL">contains string iphone13 or iphone 13: FAIL != PASS</msg>
<status status="FAIL" starttime="20231208 09:46:17.358" endtime="20231208 09:46:17.358"/>
</kw>
<status status="PASS" starttime="20231208 09:46:17.358" endtime="20231208 09:46:17.358"/>
</kw>
<status status="PASS" starttime="20231208 09:46:17.301" endtime="20231208 09:46:17.358"/>
</iter>
<iter>
<var name="${i}">20</var>
<kw name="Get Text" library="SeleniumLibrary">
<var>${price}</var>
<arg>xpath=//div[@data-qa-locator="product-item"][${i}]//span[@class="ooOxS"]</arg>
<doc>Returns the text value of the element identified by ``locator``.</doc>
<msg timestamp="20231208 09:46:17.372" level="INFO">${price} = RM129.90</msg>
<status status="PASS" starttime="20231208 09:46:17.358" endtime="20231208 09:46:17.372"/>
</kw>
<kw name="Get Text" library="SeleniumLibrary">
<var>${name}</var>
<arg>xpath=//div[@data-qa-locator="product-item"][${i}]//div[@class="POgr1"]/a</arg>
<doc>Returns the text value of the element identified by ``locator``.</doc>
<msg timestamp="20231208 09:46:17.392" level="INFO">${name} = 2023 factory direct I12 Pro 5G mobile phone smartphone Android10 6+128GB 13+24MP camera 6.1-inch high-definition full screen game office backup machine selection fashion trend for men and women</msg>
<status status="PASS" starttime="20231208 09:46:17.372" endtime="20231208 09:46:17.392"/>
</kw>
<kw name="Get Element Attribute" library="SeleniumLibrary">
<var>${url}</var>
<arg>xpath=//div[@data-qa-locator="product-item"][${i}]//div[@class="POgr1"]/a</arg>
<arg>href</arg>
[...]
<arg>PASS</arg>
<arg>contains string iphone13 or iphone 13</arg>
<doc>Fails if the given objects are unequal.</doc>
<status status="PASS" starttime="20231208 09:46:30.262" endtime="20231208 09:46:30.262"/>
</kw>
<status status="PASS" starttime="20231208 09:46:30.261" endtime="20231208 09:46:30.262"/>
</kw>
<status status="PASS" starttime="20231208 09:46:30.221" endtime="20231208 09:46:30.262"/>
</iter>
<iter>
<var name="${i}">36</var>
<kw name="Get Element Attribute" library="SeleniumLibrary">
<var>${price}</var>
<arg>xpath=(//div[contains(@data-testid,"listing-ad-item-")]//*[contains(text(),"RM")])[${i}]</arg>
<arg>innerText</arg>
<doc>Returns the value of ``attribute`` from the element ``locator``.</doc>
<msg timestamp="20231208 09:46:30.279" level="INFO">${price} = RM 200</msg>
<status status="PASS" starttime="20231208 09:46:30.262" endtime="20231208 09:46:30.279"/>
</kw>
<kw name="Get Element Attribute" library="SeleniumLibrary">
<var>${name}</var>
<arg>xpath=(//div[contains(@data-testid,"listing-ad-item-")]//a)[${i}*2]</arg>
<arg>title</arg>
<doc>Returns the value of ``attribute`` from the element ``locator``.</doc>
<msg timestamp="20231208 09:46:30.296" level="INFO">${name} = iPhone 13 Pro Max case</msg>
<status status="PASS" starttime="20231208 09:46:30.279" endtime="20231208 09:46:30.296"/>
</kw>
<kw name="Get Element Attribute" library="SeleniumLibrary">
<var>${url}</var>
<arg>xpath=(//div[contains(@data-testid,"listing-ad-item-")]//a)[${i}*2]</arg>
<arg>href</arg>
<doc>Returns the value of ``attribute`` from the element ``locator``.</doc>
<msg timestamp="20231208 09:46:30.307" level="INFO">${url} = https://www.mudah.my/iPhone+13+Pro+Max+case-103943280.htm</msg>
<status status="PASS" starttime="20231208 09:46:30.296" endtime="20231208 09:46:30.307"/>
</kw>
<kw name="Log" library="BuiltIn">
<arg>MURAH</arg>
<doc>Logs the given message with the given level.</doc>
<msg timestamp="20231208 09:46:30.307" level="INFO">MURAH</msg>
<status status="PASS" starttime="20231208 09:46:30.307" endtime="20231208 09:46:30.307"/>
</kw>
<kw name="Log" library="BuiltIn">
<arg>${url}</arg>
<doc>Logs the given message with the given level.</doc>
<msg timestamp="20231208 09:46:30.307" level="INFO">https://www.mudah.my/iPhone+13+Pro+Max+case-103943280.htm</msg>
<status status="PASS" starttime="20231208 09:46:30.307" endtime="20231208 09:46:30.307"/>
</kw>
<kw name="Log" library="BuiltIn">
<arg>${price}</arg>
<doc>Logs the given message with the given level.</doc>
<msg timestamp="20231208 09:46:30.307" level="INFO">RM 200</msg>
<status status="PASS" starttime="20231208 09:46:30.307" endtime="20231208 09:46:30.307"/>
</kw>
<kw name="Log" library="BuiltIn">
<arg>${name}</arg>
<doc>Logs the given message with the given level.</doc>
<msg timestamp="20231208 09:46:30.307" level="INFO">iPhone 13 Pro Max case</msg>
<status status="PASS" starttime="20231208 09:46:30.307" endtime="20231208 09:46:30.307"/>
</kw>
<kw name="Compare String Has" library="CustomLibrary1">
<var>${status}</var>
<arg>${name}</arg>
<arg>iphone13</arg>
<arg>iphone 13</arg>
<msg timestamp="20231208 09:46:30.307" level="INFO">${status} = PASS</msg>
<status status="PASS" starttime="20231208 09:46:30.307" endtime="20231208 09:46:30.307"/>
</kw>
<kw name="Run Keyword And Ignore Error" library="BuiltIn">
<arg>Should be equal</arg>
<arg>${status}</arg>
<arg>PASS</arg>
<arg>contains string iphone13 or iphone 13</arg>
<doc>Runs the given keyword with the given arguments and ignores possible error.</doc>
<kw name="Should Be Equal" library="BuiltIn">
<arg>${status}</arg>
<arg>PASS</arg>
<arg>contains string iphone13 or iphone 13</arg>
<doc>Fails if the given objects are unequal.</doc>
<status status="PASS" starttime="20231208 09:46:30.308" endtime="20231208 09:46:30.308"/>
</kw>
<status status="PASS" starttime="20231208 09:46:30.308" endtime="20231208 09:46:30.308"/>
</kw>
<status status="PASS" starttime="20231208 09:46:30.262" endtime="20231208 09:46:30.308"/>
</iter>
<iter>
<var name="${i}">37</var>
<kw name="Get Element Attribute" library="SeleniumLibrary">
<var>${price}</var>
<arg>xpath=(//div[contains(@data-testid,"listing-ad-item-")]//*[contains(text(),"RM")])[${i}]</arg>
<arg>innerText</arg>
<doc>Returns the value of ``attribute`` from the element ``locator``.</doc>
<msg timestamp="20231208 09:46:30.325" level="INFO">${price} = RM 250</msg>
<status status="PASS" starttime="20231208 09:46:30.308" endtime="20231208 09:46:30.325"/>
</kw>
<kw name="Get Element Attribute" library="SeleniumLibrary">
<var>${name}</var>
<arg>xpath=(//div[contains(@data-testid,"listing-ad-item-")]//a)[${i}*2]</arg>
<arg>title</arg>
<doc>Returns the value of ``attribute`` from the element ``locator``.</doc>
<msg timestamp="20231208 09:46:30.341" level="INFO">${name} = iphone 13 pro max case</msg>
<status status="PASS" starttime="20231208 09:46:30.325" endtime="20231208 09:46:30.341"/>
</kw>
<kw name="Get Element Attribute" library="SeleniumLibrary">
<var>${url}</var>
<arg>xpath=(//div[contains(@data-testid,"listing-ad-item-")]//a)[${i}*2]</arg>
<arg>href</arg>
<doc>Returns the value of ``attribute`` from the element ``locator``.</doc>
<msg timestamp="20231208 09:46:30.353" level="INFO">${url} = https://www.mudah.my/iphone+13+pro+max+case-104121902.htm</msg>
<status status="PASS" starttime="20231208 09:46:30.341" endtime="20231208 09:46:30.353"/>
</kw>
<kw name="Log" library="BuiltIn">
<arg>MURAH</arg>
<doc>Logs the given message with the given level.</doc>
<msg timestamp="20231208 09:46:30.353" level="INFO">MURAH</msg>
<status status="PASS" starttime="20231208 09:46:30.353" endtime="20231208 09:46:30.353"/>
</kw>
<kw name="Log" library="BuiltIn">
<arg>${url}</arg>
<doc>Logs the given message with the given level.</doc>
<msg timestamp="20231208 09:46:30.353" level="INFO">https://www.mudah.my/iphone+13+pro+max+case-104121902.htm</msg>
<status status="PASS" starttime="20231208 09:46:30.353" endtime="20231208 09:46:30.353"/>
</kw>
<kw name="Log" library="BuiltIn">
<arg>${price}</arg>
<doc>Logs the given message with the given level.</doc>
<msg timestamp="20231208 09:46:30.353" level="INFO">RM 250</msg>
<status status="PASS" starttime="20231208 09:46:30.353" endtime="20231208 09:46:30.353"/>
</kw>
<kw name="Log" library="BuiltIn">
<arg>${name}</arg>
<doc>Logs the given message with the given level.</doc>
<msg timestamp="20231208 09:46:30.353" level="INFO">iphone 13 pro max case</msg>
<status status="PASS" starttime="20231208 09:46:30.353" endtime="20231208 09:46:30.353"/>
</kw>
<kw name="Compare String Has" library="CustomLibrary1">
<var>${status}</var>
<arg>${name}</arg>
<arg>iphone13</arg>
<arg>iphone 13</arg>
<msg timestamp="20231208 09:46:30.354" level="INFO">${status} = PASS</msg>
<status status="PASS" starttime="20231208 09:46:30.354" endtime="20231208 09:46:30.354"/>
</kw>
<kw name="Run Keyword And Ignore Error" library="BuiltIn">
<arg>Should be equal</arg>
<arg>${status}</arg>
<arg>PASS</arg>
<arg>contains string iphone13 or iphone 13</arg>
<doc>Runs the given keyword with the given arguments and ignores possible error.</doc>
<kw name="Should Be Equal" library="BuiltIn">
<arg>${status}</arg>
<arg>PASS</arg>
<arg>contains string iphone13 or iphone 13</arg>
<doc>Fails if the given objects are unequal.</doc>
<status status="PASS" starttime="20231208 09:46:30.354" endtime="20231208 09:46:30.354"/>
</kw>
<status status="PASS" starttime="20231208 09:46:30.354" endtime="20231208 09:46:30.354"/>
</kw>
<status status="PASS" starttime="20231208 09:46:30.308" endtime="20231208 09:46:30.354"/>
</iter>
<iter>
<var name="${i}">38</var>
<kw name="Get Element Attribute" library="SeleniumLibrary">
<var>${price}</var>
<arg>xpath=(//div[contains(@data-testid,"listing-ad-item-")]//*[contains(text(),"RM")])[${i}]</arg>
<arg>innerText</arg>
<doc>Returns the value of ``attribute`` from the element ``locator``.</doc>
<msg timestamp="20231208 09:46:30.370" level="INFO">${price} = RM 250</msg>
<status status="PASS" starttime="20231208 09:46:30.354" endtime="20231208 09:46:30.370"/>
</kw>
<kw name="Get Element Attribute" library="SeleniumLibrary">
<var>${name}</var>
<arg>xpath=(//div[contains(@data-testid,"listing-ad-item-")]//a)[${i}*2]</arg>
<arg>title</arg>
<doc>Returns the value of ``attribute`` from the element ``locator``.</doc>
<msg timestamp="20231208 09:46:30.388" level="INFO">${name} = swarovski iphone 13 pro max back cover</msg>
<status status="PASS" starttime="20231208 09:46:30.370" endtime="20231208 09:46:30.388"/>
</kw>
<kw name="Get Element Attribute" library="SeleniumLibrary">
<var>${url}</var>
<arg>xpath=(//div[contains(@data-testid,"listing-ad-item-")]//a)[${i}*2]</arg>
<arg>href</arg>
<doc>Returns the value of ``attribute`` from the element ``locator``.</doc>
<msg timestamp="20231208 09:46:30.399" level="INFO">${url} = https://www.mudah.my/swarovski+iphone+13+pro+max+back+cover-103709194.htm</msg>
<status status="PASS" starttime="20231208 09:46:30.388" endtime="20231208 09:46:30.399"/>
</kw>
<kw name="Log" library="BuiltIn">
<arg>MURAH</arg>
<doc>Logs the given message with the given level.</doc>
<msg timestamp="20231208 09:46:30.399" level="INFO">MURAH</msg>
<status status="PASS" starttime="20231208 09:46:30.399" endtime="20231208 09:46:30.399"/>
</kw>
<kw name="Log" library="BuiltIn">
<arg>${url}</arg>
<doc>Logs the given message with the given level.</doc>
<msg timestamp="20231208 09:46:30.399" level="INFO">https://www.mudah.my/swarovski+iphone+13+pro+max+back+cover-103709194.htm</msg>
<status status="PASS" starttime="20231208 09:46:30.399" endtime="20231208 09:46:30.399"/>
</kw>
<kw name="Log" library="BuiltIn">
<arg>${price}</arg>
<doc>Logs the given message with the given level.</doc>
<msg timestamp="20231208 09:46:30.399" level="INFO">RM 250</msg>
<status status="PASS" starttime="20231208 09:46:30.399" endtime="20231208 09:46:30.399"/>
</kw>
<kw name="Log" library="BuiltIn">
<arg>${name}</arg>
<doc>Logs the given message with the given level.</doc>
<msg timestamp="20231208 09:46:30.399" level="INFO">swarovski iphone 13 pro max back cover</msg>
<status status="PASS" starttime="20231208 09:46:30.399" endtime="20231208 09:46:30.399"/>
</kw>
<kw name="Compare String Has" library="CustomLibrary1">
<var>${status}</var>
<arg>${name}</arg>
<arg>iphone13</arg>
<arg>iphone 13</arg>
<msg timestamp="20231208 09:46:30.400" level="INFO">${status} = PASS</msg>
<status status="PASS" starttime="20231208 09:46:30.399" endtime="20231208 09:46:30.400"/>
</kw>
<kw name="Run Keyword And Ignore Error" library="BuiltIn">
<arg>Should be equal</arg>
<arg>${status}</arg>
<arg>PASS</arg>
<arg>contains string iphone13 or iphone 13</arg>
<doc>Runs the given keyword with the given arguments and ignores possible error.</doc>
<kw name="Should Be Equal" library="BuiltIn">
<arg>${status}</arg>
<arg>PASS</arg>
<arg>contains string iphone13 or iphone 13</arg>
<doc>Fails if the given objects are unequal.</doc>
<status status="PASS" starttime="20231208 09:46:30.400" endtime="20231208 09:46:30.400"/>
</kw>
<status status="PASS" starttime="20231208 09:46:30.400" endtime="20231208 09:46:30.400"/>
</kw>
<status status="PASS" starttime="20231208 09:46:30.354" endtime="20231208 09:46:30.400"/>
</iter>
<iter>
<var name="${i}">39</var>
<kw name="Get Element Attribute" library="SeleniumLibrary">
<var>${price}</var>
<arg>xpath=(//div[contains(@data-testid,"listing-ad-item-")]//*[contains(text(),"RM")])[${i}]</arg>
<arg>innerText</arg>
<doc>Returns the value of ``attribute`` from the element ``locator``.</doc>
<msg timestamp="20231208 09:46:30.418" level="INFO">${price} = RM 850</msg>
<status status="PASS" starttime="20231208 09:46:30.400" endtime="20231208 09:46:30.418"/>
</kw>
<kw name="Get Element Attribute" library="SeleniumLibrary">
<var>${name}</var>
<arg>xpath=(//div[contains(@data-testid,"listing-ad-item-")]//a)[${i}*2]</arg>
<arg>title</arg>
<doc>Returns the value of ``attribute`` from the element ``locator``.</doc>
<msg timestamp="20231208 09:46:30.437" level="INFO">${name} = iPhone Xs 256gb convert 13 Pro</msg>
<status status="PASS" starttime="20231208 09:46:30.418" endtime="20231208 09:46:30.437"/>
</kw>
<kw name="Get Element Attribute" library="SeleniumLibrary">
<var>${url}</var>
<arg>xpath=(//div[contains(@data-testid,"listing-ad-item-")]//a)[${i}*2]</arg>
<arg>href</arg>
<doc>Returns the value of ``attribute`` from the element ``locator``.</doc>
<msg timestamp="20231208 09:46:30.449" level="INFO">${url} = https://www.mudah.my/iPhone+Xs+256gb+convert+13+Pro-103774199.htm</msg>
<status status="PASS" starttime="20231208 09:46:30.437" endtime="20231208 09:46:30.449"/>
</kw>
<kw name="Log" library="BuiltIn">
<arg>MURAH</arg>
<doc>Logs the given message with the given level.</doc>
<msg timestamp="20231208 09:46:30.449" level="INFO">MURAH</msg>
<status status="PASS" starttime="20231208 09:46:30.449" endtime="20231208 09:46:30.449"/>
</kw>
<kw name="Log" library="BuiltIn">
<arg>${url}</arg>
<doc>Logs the given message with the given level.</doc>
<msg timestamp="20231208 09:46:30.449" level="INFO">https://www.mudah.my/iPhone+Xs+256gb+convert+13+Pro-103774199.htm</msg>
<status status="PASS" starttime="20231208 09:46:30.449" endtime="20231208 09:46:30.449"/>
</kw>
<kw name="Log" library="BuiltIn">
<arg>${price}</arg>
<doc>Logs the given message with the given level.</doc>
<msg timestamp="20231208 09:46:30.449" level="INFO">RM 850</msg>
<status status="PASS" starttime="20231208 09:46:30.449" endtime="20231208 09:46:30.449"/>
</kw>
<kw name="Log" library="BuiltIn">
<arg>${name}</arg>
<doc>Logs the given message with the given level.</doc>
<msg timestamp="20231208 09:46:30.449" level="INFO">iPhone Xs 256gb convert 13 Pro</msg>
<status status="PASS" starttime="20231208 09:46:30.449" endtime="20231208 09:46:30.449"/>
</kw>
<kw name="Compare String Has" library="CustomLibrary1">
<var>${status}</var>
<arg>${name}</arg>
<arg>iphone13</arg>
<arg>iphone 13</arg>
<msg timestamp="20231208 09:46:30.450" level="INFO">${status} = FAIL</msg>
<status status="PASS" starttime="20231208 09:46:30.450" endtime="20231208 09:46:30.450"/>
</kw>
<kw name="Run Keyword And Ignore Error" library="BuiltIn">
<arg>Should be equal</arg>
<arg>${status}</arg>
<arg>PASS</arg>
<arg>contains string iphone13 or iphone 13</arg>
<doc>Runs the given keyword with the given arguments and ignores possible error.</doc>
<kw name="Should Be Equal" library="BuiltIn">
<arg>${status}</arg>
<arg>PASS</arg>
<arg>contains string iphone13 or iphone 13</arg>
<doc>Fails if the given objects are unequal.</doc>
<msg timestamp="20231208 09:46:30.450" level="FAIL">contains string iphone13 or iphone 13: FAIL != PASS</msg>
<status status="FAIL" starttime="20231208 09:46:30.450" endtime="20231208 09:46:30.450"/>
</kw>
<status status="PASS" starttime="20231208 09:46:30.450" endtime="20231208 09:46:30.450"/>
</kw>
<status status="PASS" starttime="20231208 09:46:30.400" endtime="20231208 09:46:30.450"/>
</iter>
<iter>
<var name="${i}">40</var>
<kw name="Get Element Attribute" library="SeleniumLibrary">
<var>${price}</var>
<arg>xpath=(//div[contains(@data-testid,"listing-ad-item-")]//*[contains(text(),"RM")])[${i}]</arg>
<arg>innerText</arg>
<doc>Returns the value of ``attribute`` from the element ``locator``.</doc>
<msg timestamp="20231208 09:46:30.469" level="INFO">${price} = RM 1 400</msg>
<status status="PASS" starttime="20231208 09:46:30.450" endtime="20231208 09:46:30.469"/>
</kw>
<kw name="Get Element Attribute" library="SeleniumLibrary">
<var>${name}</var>
<arg>xpath=(//div[contains(@data-testid,"listing-ad-item-")]//a)[${i}*2]</arg>
<arg>title</arg>
<doc>Returns the value of ``attribute`` from the element ``locator``.</doc>
<msg timestamp="20231208 09:46:30.486" level="INFO">${name} = iphone 13 untuk dijual ( pink colour )</msg>
<status status="PASS" starttime="20231208 09:46:30.469" endtime="20231208 09:46:30.486"/>
</kw>
<kw name="Get Element Attribute" library="SeleniumLibrary">
<var>${url}</var>
<arg>xpath=(//div[contains(@data-testid,"listing-ad-item-")]//a)[${i}*2]</arg>
<arg>href</arg>
<doc>Returns the value of ``attribute`` from the element ``locator``.</doc>
<msg timestamp="20231208 09:46:30.499" level="INFO">${url} = https://www.mudah.my/iphone+13+untuk+dijual+pink+colour+-104682110.htm</msg>
<status status="PASS" starttime="20231208 09:46:30.486" endtime="20231208 09:46:30.499"/>
</kw>
<kw name="Log" library="BuiltIn">
<arg>MURAH</arg>
<doc>Logs the given message with the given level.</doc>
<msg timestamp="20231208 09:46:30.499" level="INFO">MURAH</msg>
<status status="PASS" starttime="20231208 09:46:30.499" endtime="20231208 09:46:30.499"/>
</kw>
<kw name="Log" library="BuiltIn">
<arg>${url}</arg>
<doc>Logs the given message with the given level.</doc>
<msg timestamp="20231208 09:46:30.499" level="INFO">https://www.mudah.my/iphone+13+untuk+dijual+pink+colour+-104682110.htm</msg>
<status status="PASS" starttime="20231208 09:46:30.499" endtime="20231208 09:46:30.499"/>
</kw>
<kw name="Log" library="BuiltIn">
<arg>${price}</arg>
<doc>Logs the given message with the given level.</doc>
<msg timestamp="20231208 09:46:30.499" level="INFO">RM 1 400</msg>
<status status="PASS" starttime="20231208 09:46:30.499" endtime="20231208 09:46:30.499"/>
</kw>
<kw name="Log" library="BuiltIn">
<arg>${name}</arg>
<doc>Logs the given message with the given level.</doc>
<msg timestamp="20231208 09:46:30.499" level="INFO">iphone 13 untuk dijual ( pink colour )</msg>
<status status="PASS" starttime="20231208 09:46:30.499" endtime="20231208 09:46:30.499"/>
</kw>
<kw name="Compare String Has" library="CustomLibrary1">
<var>${status}</var>
<arg>${name}</arg>
<arg>iphone13</arg>
<arg>iphone 13</arg>
<msg timestamp="20231208 09:46:30.500" level="INFO">${status} = PASS</msg>
<status status="PASS" starttime="20231208 09:46:30.499" endtime="20231208 09:46:30.500"/>
</kw>
<kw name="Run Keyword And Ignore Error" library="BuiltIn">
<arg>Should be equal</arg>
<arg>${status}</arg>
<arg>PASS</arg>
<arg>contains string iphone13 or iphone 13</arg>
<doc>Runs the given keyword with the given arguments and ignores possible error.</doc>
<kw name="Should Be Equal" library="BuiltIn">
<arg>${status}</arg>
<arg>PASS</arg>
<arg>contains string iphone13 or iphone 13</arg>
<doc>Fails if the given objects are unequal.</doc>
<status status="PASS" starttime="20231208 09:46:30.500" endtime="20231208 09:46:30.500"/>
</kw>
<status status="PASS" starttime="20231208 09:46:30.500" endtime="20231208 09:46:30.500"/>
</kw>
<status status="PASS" starttime="20231208 09:46:30.450" endtime="20231208 09:46:30.500"/>
</iter>
<status status="PASS" starttime="20231208 09:46:27.857" endtime="20231208 09:46:30.500"/>
</for>
<kw name="Close Browser" library="SeleniumLibrary">
<doc>Closes the current browser.</doc>
<status status="PASS" starttime="20231208 09:46:30.500" endtime="20231208 09:46:32.646"/>
</kw>
<status status="PASS" starttime="20231208 09:46:20.363" endtime="20231208 09:46:32.646"/>
</kw>
<status status="PASS" starttime="20231208 09:45:53.045" endtime="20231208 09:46:32.646"/>
</test>
<kw name="Close All Browsers" library="SeleniumLibrary" type="TEARDOWN">
<doc>Closes all open browsers and resets the browser cache.</doc>
<status status="PASS" starttime="20231208 09:46:32.646" endtime="20231208 09:46:38.878"/>
</kw>
<status status="PASS" starttime="20231208 09:45:51.597" endtime="20231208 09:46:38.878"/>
</suite>
<statistics>
<total>
<stat pass="1" fail="0" skip="0">All Tests</stat>
</total>
<tag>
</tag>
<suite>
<stat pass="1" fail="0" skip="0" id="s1" name="TestCase1">TestCase1</stat>
</suite>
</statistics>
<errors>
</errors>
</robot>
